

================================================================
== Vivado HLS Report for 'read_data'
================================================================
* Date:           Thu Jun 15 12:11:14 2023

* Version:        2017.1 (Build 1846317 on Fri Apr 14 19:19:38 MDT 2017)
* Project:        crVar_17_1
* Solution:       solutionDataflow
* Product family: zynq
* Target device:  xc7z020clg484-1


================================================================
== Performance Estimates
================================================================
+ Timing (ns): 
    * Summary: 
    +--------+-------+----------+------------+
    |  Clock | Target| Estimated| Uncertainty|
    +--------+-------+----------+------------+
    |ap_clk  |  10.00|      0.00|        1.25|
    +--------+-------+----------+------------+

+ Latency (clock cycles): 
    * Summary: 
    +-----+-----+-----+-----+----------+
    |  Latency  |  Interval | Pipeline |
    | min | max | min | max |   Type   |
    +-----+-----+-----+-----+----------+
    |    1|    1|    1|    1| function |
    +-----+-----+-----+-----+----------+

    + Detail: 
        * Instance: 
        N/A

        * Loop: 
        N/A

============================================================
+ Verbose Summary: Synthesis Manager
============================================================
InlineROM: 1
ExposeGlobal: 0
============================================================
+ Verbose Summary: CDFG Model
============================================================
IsTopModel: 0
ResetActiveHigh: 1
IsCombinational: 2
IsDatapathOnly: 0
HasWiredReturn: 1
HasMFsm: 2
HasVarLatency: 0
IsPipeline: 1
IsRtlPipelined: 1
IsInstanceOverlapped: 0
IsDontTouch: 0
HasImplIP: 0
IsGatedGlobalClock: 0

+ Individual pipeline summary: 
  * Pipeline-0: initiation interval (II) = 1, depth = 2


============================================================
+ Verbose Summary: Schedule
============================================================
* Number of FSM states: 2
* Pipeline: 1
  Pipeline-0: II = 1, D = 2, States = { 1 2 }
* Dataflow Pipeline: 0

* FSM state transitions: 
1 --> 
	2  / true
2 --> 
* FSM state operations: 

 <State 1>: 0.00ns
ST_1: empty (12)  [2/2] 0.00ns
.critedge:4  %empty = call { i32, i4, i4, i4, i1, i5, i5 } @_ssdm_op_Read.axis.volatile.i32P.i4P.i4P.i4P.i1P.i5P.i5P(i32* %input_data_V, i4* %input_keep_V, i4* %input_strb_V, i4* %input_user_V, i1* %input_last_V, i5* %input_id_V, i5* %input_dest_V)


 <State 2>: 0.00ns
ST_2: StgValue_4 (8)  [1/1] 0.00ns
.critedge:0  call void (...)* @_ssdm_op_SpecInterface(i32* %input_data_V, i4* %input_keep_V, i4* %input_strb_V, i4* %input_user_V, i1* %input_last_V, i5* %input_id_V, i5* %input_dest_V, [5 x i8]* @p_str3, i32 1, i32 1, [5 x i8]* @p_str4, i32 0, i32 0, [1 x i8]* @p_str, [1 x i8]* @p_str, [1 x i8]* @p_str, i32 0, i32 0, i32 0, i32 0, [1 x i8]* @p_str, [1 x i8]* @p_str)

ST_2: StgValue_5 (9)  [1/1] 0.00ns  loc: ./axi_algorithm.h:198
.critedge:1  call void (...)* @_ssdm_op_SpecLoopName([17 x i8]* @p_str13) nounwind

ST_2: tmp (10)  [1/1] 0.00ns  loc: ./axi_algorithm.h:198
.critedge:2  %tmp = call i32 (...)* @_ssdm_op_SpecRegionBegin([17 x i8]* @p_str13)

ST_2: StgValue_7 (11)  [1/1] 0.00ns  loc: ./axi_algorithm.h:199
.critedge:3  call void (...)* @_ssdm_op_SpecPipeline(i32 1, i32 1, i32 1, i32 0, [1 x i8]* @p_str) nounwind

ST_2: empty (12)  [1/2] 0.00ns
.critedge:4  %empty = call { i32, i4, i4, i4, i1, i5, i5 } @_ssdm_op_Read.axis.volatile.i32P.i4P.i4P.i4P.i1P.i5P.i5P(i32* %input_data_V, i4* %input_keep_V, i4* %input_strb_V, i4* %input_user_V, i1* %input_last_V, i5* %input_id_V, i5* %input_dest_V)

ST_2: p_Val2_s (13)  [1/1] 0.00ns
.critedge:5  %p_Val2_s = extractvalue { i32, i4, i4, i4, i1, i5, i5 } %empty, 0

ST_2: empty_21 (14)  [1/1] 0.00ns  loc: ./axi_algorithm.h:201
.critedge:6  %empty_21 = call i32 (...)* @_ssdm_op_SpecRegionEnd([17 x i8]* @p_str13, i32 %tmp)

ST_2: StgValue_11 (15)  [1/1] 0.00ns  loc: ./axi_algorithm.h:202
.critedge:7  ret i32 %p_Val2_s



============================================================
+ Verbose Summary: Timing violations
============================================================
Target clock period: 10ns, clock uncertainty: 1.25ns.

 <State 1>: 0ns
The critical path consists of the following:

 <State 2>: 0ns
The critical path consists of the following:


============================================================
+ Verbose Summary: Binding
============================================================
N/A
* FSMD analyzer results:
  - Output states:
 - Input state : 
  - Chain level:
	State 1
	State 2


============================================================
+ Verbose Summary: Datapath Resource usage 
============================================================
N/A
