

================================================================
== Vivado HLS Report for 'write_data'
================================================================
* Date:           Wed Feb  1 16:42:50 2023

* Version:        2017.1 (Build 1846317 on Fri Apr 14 19:19:38 MDT 2017)
* Project:        opcionA
* Solution:       solution1
* Product family: zynq
* Target device:  xc7z020clg484-1


================================================================
== Performance Estimates
================================================================
+ Timing (ns): 
    * Summary: 
    +--------+-------+----------+------------+
    |  Clock | Target| Estimated| Uncertainty|
    +--------+-------+----------+------------+
    |ap_clk  |  10.00|      4.14|        1.25|
    +--------+-------+----------+------------+

+ Latency (clock cycles): 
    * Summary: 
    +-----+-----+-----+-----+---------+
    |  Latency  |  Interval | Pipeline|
    | min | max | min | max |   Type  |
    +-----+-----+-----+-----+---------+
    |    6|    6|    6|    6|   none  |
    +-----+-----+-----+-----+---------+

    + Detail: 
        * Instance: 
        N/A

        * Loop: 
        +------------------+-----+-----+----------+-----------+-----------+------+----------+
        |                  |  Latency  | Iteration|  Initiation Interval  | Trip |          |
        |     Loop Name    | min | max |  Latency |  achieved |   target  | Count| Pipelined|
        +------------------+-----+-----+----------+-----------+-----------+------+----------+
        |- WR_Loop_To_Int  |    4|    4|         2|          1|          1|     4|    yes   |
        +------------------+-----+-----+----------+-----------+-----------+------+----------+



================================================================
== Utilization Estimates
================================================================
* Summary: 
+-----------------+---------+-------+--------+-------+
|       Name      | BRAM_18K| DSP48E|   FF   |  LUT  |
+-----------------+---------+-------+--------+-------+
|DSP              |        -|      -|       -|      -|
|Expression       |        -|      -|       0|     25|
|FIFO             |        -|      -|       -|      -|
|Instance         |        -|      -|      85|     21|
|Memory           |        -|      -|       -|      -|
|Multiplexer      |        -|      -|       -|     63|
|Register         |        -|      -|      43|      -|
+-----------------+---------+-------+--------+-------+
|Total            |        0|      0|     128|    109|
+-----------------+---------+-------+--------+-------+
|Available        |      280|    220|  106400|  53200|
+-----------------+---------+-------+--------+-------+
|Utilization (%)  |        0|      0|   ~0   |   ~0  |
+-----------------+---------+-------+--------+-------+

+ Detail: 
    * Instance: 
    +------------------------+---------------------+---------+-------+----+----+
    |        Instance        |        Module       | BRAM_18K| DSP48E| FF | LUT|
    +------------------------+---------------------+---------+-------+----+----+
    |opcionA_mux_42_32_1_U7  |opcionA_mux_42_32_1  |        0|      0|  85|  21|
    +------------------------+---------------------+---------+-------+----+----+
    |Total                   |                     |        0|      0|  85|  21|
    +------------------------+---------------------+---------+-------+----+----+

    * DSP48: 
    N/A

    * Memory: 
    N/A

    * FIFO: 
    N/A

    * Expression: 
    +----------------------------------+----------+-------+---+----+------------+------------+
    |           Variable Name          | Operation| DSP48E| FF| LUT| Bitwidth P0| Bitwidth P1|
    +----------------------------------+----------+-------+---+----+------------+------------+
    |i_1_fu_139_p2                     |     +    |      0|  0|  12|           3|           1|
    |ap_block_pp0_stage0_flag00011001  |    and   |      0|  0|   2|           1|           1|
    |ap_block_state3_io                |    and   |      0|  0|   2|           1|           1|
    |ap_condition_169                  |    and   |      0|  0|   2|           1|           1|
    |last_assign_fu_145_p2             |   icmp   |      0|  0|   1|           3|           2|
    |tmp_fu_133_p2                     |   icmp   |      0|  0|   2|           3|           4|
    |ap_enable_pp0                     |    xor   |      0|  0|   2|           1|           2|
    |ap_enable_reg_pp0_iter1           |    xor   |      0|  0|   2|           1|           2|
    +----------------------------------+----------+-------+---+----+------------+------------+
    |Total                             |          |      0|  0|  25|          14|          14|
    +----------------------------------+----------+-------+---+----+------------+------------+

    * Multiplexer: 
    +-------------------------------------+----+-----------+-----+-----------+
    |                 Name                | LUT| Input Size| Bits| Total Bits|
    +-------------------------------------+----+-----------+-----+-----------+
    |ap_NS_fsm                            |  21|          4|    1|          4|
    |ap_enable_reg_pp0_iter1              |  15|          3|    1|          3|
    |ap_sig_ioackin_output_AX_ALG_TREADY  |   9|          2|    1|          2|
    |i_reg_122                            |   9|          2|    3|          6|
    |output_AX_ALG_TDATA_blk_n            |   9|          2|    1|          2|
    +-------------------------------------+----+-----------+-----+-----------+
    |Total                                |  63|         13|    7|         17|
    +-------------------------------------+----+-----------+-----+-----------+

    * Register: 
    +-------------------------------------+----+----+-----+-----------+
    |                 Name                | FF | LUT| Bits| Const Bits|
    +-------------------------------------+----+----+-----+-----------+
    |ap_CS_fsm                            |   3|   0|    3|          0|
    |ap_enable_reg_pp0_iter0              |   1|   0|    1|          0|
    |ap_enable_reg_pp0_iter1              |   1|   0|    1|          0|
    |ap_reg_ioackin_output_AX_ALG_TREADY  |   1|   0|    1|          0|
    |i_reg_122                            |   3|   0|    3|          0|
    |last_assign_reg_194                  |   1|   0|    1|          0|
    |p_Val2_s_reg_199                     |  32|   0|   32|          0|
    |tmp_reg_185                          |   1|   0|    1|          0|
    +-------------------------------------+----+----+-----+-----------+
    |Total                                |  43|   0|   43|          0|
    +-------------------------------------+----+----+-----+-----------+



================================================================
== Interface
================================================================
* Summary: 
+----------------------+-----+-----+------------+---------------+--------------+
|       RTL Ports      | Dir | Bits|  Protocol  | Source Object |    C Type    |
+----------------------+-----+-----+------------+---------------+--------------+
|ap_clk                |  in |    1| ap_ctrl_hs |   write_data  | return value |
|ap_rst                |  in |    1| ap_ctrl_hs |   write_data  | return value |
|ap_start              |  in |    1| ap_ctrl_hs |   write_data  | return value |
|ap_done               | out |    1| ap_ctrl_hs |   write_data  | return value |
|ap_idle               | out |    1| ap_ctrl_hs |   write_data  | return value |
|ap_ready              | out |    1| ap_ctrl_hs |   write_data  | return value |
|buf_0_V_read          |  in |   32|   ap_none  |  buf_0_V_read |    scalar    |
|buf_1_V_read          |  in |   32|   ap_none  |  buf_1_V_read |    scalar    |
|buf_2_V_read          |  in |   32|   ap_none  |  buf_2_V_read |    scalar    |
|buf_3_V_read          |  in |   32|   ap_none  |  buf_3_V_read |    scalar    |
|output_AX_ALG_TDATA   | out |   32|    axis    | output_data_V |    pointer   |
|output_AX_ALG_TVALID  | out |    1|    axis    | output_dest_V |    pointer   |
|output_AX_ALG_TREADY  |  in |    1|    axis    | output_dest_V |    pointer   |
|output_AX_ALG_TDEST   | out |    5|    axis    | output_dest_V |    pointer   |
|output_AX_ALG_TKEEP   | out |    4|    axis    | output_keep_V |    pointer   |
|output_AX_ALG_TSTRB   | out |    4|    axis    | output_strb_V |    pointer   |
|output_AX_ALG_TUSER   | out |    4|    axis    | output_user_V |    pointer   |
|output_AX_ALG_TLAST   | out |    1|    axis    | output_last_V |    pointer   |
|output_AX_ALG_TID     | out |    5|    axis    |  output_id_V  |    pointer   |
+----------------------+-----+-----+------------+---------------+--------------+

