
*** Running vivado
    with args -log axi_algorithm.vdi -applog -m64 -product Vivado -messageDb vivado.pb -mode batch -source axi_algorithm.tcl -notrace


****** Vivado v2017.1 (64-bit)
  **** SW Build 1846317 on Fri Apr 14 18:55:03 MDT 2017
  **** IP Build 1846188 on Fri Apr 14 20:52:08 MDT 2017
    ** Copyright 1986-2017 Xilinx, Inc. All Rights Reserved.

source axi_algorithm.tcl -notrace
Command: open_checkpoint C:/Users/Raul/Documents/RIGIDEZ_VIVADO/HLS_INTERFAZ_INIT_SIMPLE_MAXMOM/dato2moment/solution1/impl/vhdl/project.runs/impl_1/axi_algorithm.dcp

Starting open_checkpoint Task

Time (s): cpu = 00:00:00 ; elapsed = 00:00:00.024 . Memory (MB): peak = 220.328 ; gain = 0.000
INFO: [Netlist 29-17] Analyzing 64 Unisim elements for replacement
INFO: [Netlist 29-28] Unisim Transformation completed in 0 CPU seconds
INFO: [Project 1-479] Netlist was created with Vivado 2017.1
INFO: [Device 21-403] Loading part xc7z020clg484-1
INFO: [Project 1-570] Preparing netlist for logic optimization
Parsing XDC File [C:/Users/Raul/Documents/RIGIDEZ_VIVADO/HLS_INTERFAZ_INIT_SIMPLE_MAXMOM/dato2moment/solution1/impl/vhdl/project.runs/impl_1/.Xil/Vivado-4876-LAPTOP-5NTBTHR8/dcp3/axi_algorithm.xdc]
INFO: [Vivado 12-4761] HD.CLK_SRC property is set on port ap_clk. The net connecting to the port drives either clock PIN or hierarchical black box. Use the create_clock constraint to create a clock on this port prior to setting HD.CLK_SRC.  [C:/Users/Raul/Documents/RIGIDEZ_VIVADO/HLS_INTERFAZ_INIT_SIMPLE_MAXMOM/dato2moment/solution1/impl/vhdl/axi_algorithm.xdc:2]
Finished Parsing XDC File [C:/Users/Raul/Documents/RIGIDEZ_VIVADO/HLS_INTERFAZ_INIT_SIMPLE_MAXMOM/dato2moment/solution1/impl/vhdl/project.runs/impl_1/.Xil/Vivado-4876-LAPTOP-5NTBTHR8/dcp3/axi_algorithm.xdc]
INFO: [Project 1-111] Unisim Transformation Summary:
  A total of 64 instances were transformed.
  RAM16X1D => RAM32X1D (RAMD32, RAMD32): 64 instances

INFO: [Project 1-604] Checkpoint was created with Vivado v2017.1 (64-bit) build 1846317
open_checkpoint: Time (s): cpu = 00:00:06 ; elapsed = 00:00:06 . Memory (MB): peak = 515.145 ; gain = 294.816
Command: opt_design
Attempting to get a license for feature 'Implementation' and/or device 'xc7z020-clg484'
INFO: [Common 17-349] Got license for feature 'Implementation' and/or device 'xc7z020-clg484'
Running DRC as a precondition to command opt_design

Starting DRC Task
Command: report_drc (run_mandatory_drcs) for: opt_checks
INFO: [DRC 23-27] Running DRC with 2 threads
report_drc (run_mandatory_drcs) completed successfully
INFO: [Project 1-461] DRC finished with 0 Errors
INFO: [Project 1-462] Please refer to the DRC report (report_drc) for more information.

Time (s): cpu = 00:00:00 ; elapsed = 00:00:00.332 . Memory (MB): peak = 523.785 ; gain = 8.641
INFO: [Timing 38-35] Done setting XDC timing constraints.

Starting Logic Optimization Task

Phase 1 Retarget
INFO: [Opt 31-138] Pushed 0 inverter(s) to 0 load pin(s).
INFO: [Opt 31-49] Retargeted 0 cell(s).
Phase 1 Retarget | Checksum: 83da7f86

Time (s): cpu = 00:00:00 ; elapsed = 00:00:00.048 . Memory (MB): peak = 1025.512 ; gain = 0.000
INFO: [Opt 31-389] Phase Retarget created 0 cells and removed 0 cells

Phase 2 Constant propagation
INFO: [Opt 31-138] Pushed 0 inverter(s) to 0 load pin(s).
Phase 2 Constant propagation | Checksum: 83da7f86

Time (s): cpu = 00:00:00 ; elapsed = 00:00:00.065 . Memory (MB): peak = 1025.512 ; gain = 0.000
INFO: [Opt 31-389] Phase Constant propagation created 0 cells and removed 0 cells

Phase 3 Sweep
Phase 3 Sweep | Checksum: 83da7f86

Time (s): cpu = 00:00:00 ; elapsed = 00:00:00.077 . Memory (MB): peak = 1025.512 ; gain = 0.000
INFO: [Opt 31-389] Phase Sweep created 0 cells and removed 0 cells

Phase 4 BUFG optimization
Phase 4 BUFG optimization | Checksum: 83da7f86

Time (s): cpu = 00:00:00 ; elapsed = 00:00:00.084 . Memory (MB): peak = 1025.512 ; gain = 0.000
INFO: [Opt 31-389] Phase BUFG optimization created 0 cells and removed 0 cells

Phase 5 Shift Register Optimization
Phase 5 Shift Register Optimization | Checksum: 83da7f86

Time (s): cpu = 00:00:00 ; elapsed = 00:00:00.087 . Memory (MB): peak = 1025.512 ; gain = 0.000
INFO: [Opt 31-389] Phase Shift Register Optimization created 0 cells and removed 0 cells

Starting Connectivity Check Task

Time (s): cpu = 00:00:00 ; elapsed = 00:00:00.002 . Memory (MB): peak = 1025.512 ; gain = 0.000
Ending Logic Optimization Task | Checksum: 83da7f86

Time (s): cpu = 00:00:00 ; elapsed = 00:00:00.093 . Memory (MB): peak = 1025.512 ; gain = 0.000

Starting Power Optimization Task
INFO: [Pwropt 34-132] Skipping clock gating for clocks with a period < 2.00 ns.
Ending Power Optimization Task | Checksum: 83da7f86

Time (s): cpu = 00:00:00 ; elapsed = 00:00:00.006 . Memory (MB): peak = 1025.512 ; gain = 0.000
22 Infos, 0 Warnings, 0 Critical Warnings and 0 Errors encountered.
opt_design completed successfully
opt_design: Time (s): cpu = 00:00:10 ; elapsed = 00:00:11 . Memory (MB): peak = 1025.512 ; gain = 510.367
INFO: [Timing 38-35] Done setting XDC timing constraints.
INFO: [Common 17-1381] The checkpoint 'C:/Users/Raul/Documents/RIGIDEZ_VIVADO/HLS_INTERFAZ_INIT_SIMPLE_MAXMOM/dato2moment/solution1/impl/vhdl/project.runs/impl_1/axi_algorithm_opt.dcp' has been generated.
Command: report_drc -file axi_algorithm_drc_opted.rpt
INFO: [DRC 23-27] Running DRC with 2 threads
INFO: [Coretcl 2-168] The results of DRC are in file C:/Users/Raul/Documents/RIGIDEZ_VIVADO/HLS_INTERFAZ_INIT_SIMPLE_MAXMOM/dato2moment/solution1/impl/vhdl/project.runs/impl_1/axi_algorithm_drc_opted.rpt.
report_drc completed successfully
INFO: [Chipscope 16-241] No debug cores found in the current design.
Before running the implement_debug_core command, either use the Set Up Debug wizard (GUI mode)
or use the create_debug_core and connect_debug_core Tcl commands to insert debug cores into the design.
Command: place_design
Attempting to get a license for feature 'Implementation' and/or device 'xc7z020-clg484'
INFO: [Common 17-349] Got license for feature 'Implementation' and/or device 'xc7z020-clg484'
Command: report_drc (run_mandatory_drcs) for: incr_eco_checks
INFO: [DRC 23-27] Running DRC with 2 threads
report_drc (run_mandatory_drcs) completed successfully
INFO: [Vivado_Tcl 4-198] DRC finished with 0 Errors
INFO: [Vivado_Tcl 4-199] Please refer to the DRC report (report_drc) for more information.
Running DRC as a precondition to command place_design
Command: report_drc (run_mandatory_drcs) for: placer_checks
INFO: [DRC 23-27] Running DRC with 2 threads
report_drc (run_mandatory_drcs) completed successfully
INFO: [Vivado_Tcl 4-198] DRC finished with 0 Errors
INFO: [Vivado_Tcl 4-199] Please refer to the DRC report (report_drc) for more information.

Starting Placer Task
INFO: [Place 30-611] Multithreading enabled for place_design using a maximum of 2 CPUs

Phase 1 Placer Initialization

Phase 1.1 Placer Initialization Netlist Sorting
Netlist sorting complete. Time (s): cpu = 00:00:00 ; elapsed = 00:00:00.002 . Memory (MB): peak = 1025.512 ; gain = 0.000
Phase 1.1 Placer Initialization Netlist Sorting | Checksum: 5c50d988

Time (s): cpu = 00:00:00 ; elapsed = 00:00:00.005 . Memory (MB): peak = 1025.512 ; gain = 0.000
Netlist sorting complete. Time (s): cpu = 00:00:00 ; elapsed = 00:00:00.002 . Memory (MB): peak = 1025.512 ; gain = 0.000

Phase 1.2 IO Placement/ Clock Placement/ Build Placer Device
Phase 1.2 IO Placement/ Clock Placement/ Build Placer Device | Checksum: 8b730db3

Time (s): cpu = 00:00:00 ; elapsed = 00:00:00.447 . Memory (MB): peak = 1025.512 ; gain = 0.000

Phase 1.3 Build Placer Netlist Model
Phase 1.3 Build Placer Netlist Model | Checksum: b7dd1922

Time (s): cpu = 00:00:01 ; elapsed = 00:00:00.674 . Memory (MB): peak = 1025.512 ; gain = 0.000

Phase 1.4 Constrain Clocks/Macros
Phase 1.4 Constrain Clocks/Macros | Checksum: b7dd1922

Time (s): cpu = 00:00:01 ; elapsed = 00:00:00.677 . Memory (MB): peak = 1025.512 ; gain = 0.000
Phase 1 Placer Initialization | Checksum: b7dd1922

Time (s): cpu = 00:00:01 ; elapsed = 00:00:00.679 . Memory (MB): peak = 1025.512 ; gain = 0.000

Phase 2 Global Placement
Phase 2 Global Placement | Checksum: 107752c3b

Time (s): cpu = 00:00:03 ; elapsed = 00:00:02 . Memory (MB): peak = 1025.512 ; gain = 0.000

Phase 3 Detail Placement

Phase 3.1 Commit Multi Column Macros
Phase 3.1 Commit Multi Column Macros | Checksum: 107752c3b

Time (s): cpu = 00:00:03 ; elapsed = 00:00:02 . Memory (MB): peak = 1025.512 ; gain = 0.000

Phase 3.2 Commit Most Macros & LUTRAMs
Phase 3.2 Commit Most Macros & LUTRAMs | Checksum: 189fdb6e0

Time (s): cpu = 00:00:03 ; elapsed = 00:00:02 . Memory (MB): peak = 1025.512 ; gain = 0.000

Phase 3.3 Area Swap Optimization
Phase 3.3 Area Swap Optimization | Checksum: ba6c0b50

Time (s): cpu = 00:00:03 ; elapsed = 00:00:02 . Memory (MB): peak = 1025.512 ; gain = 0.000

Phase 3.4 Pipeline Register Optimization
Phase 3.4 Pipeline Register Optimization | Checksum: ba6c0b50

Time (s): cpu = 00:00:03 ; elapsed = 00:00:02 . Memory (MB): peak = 1025.512 ; gain = 0.000

Phase 3.5 Timing Path Optimizer
Phase 3.5 Timing Path Optimizer | Checksum: c69a18a7

Time (s): cpu = 00:00:04 ; elapsed = 00:00:02 . Memory (MB): peak = 1025.512 ; gain = 0.000

Phase 3.6 Small Shape Detail Placement
Phase 3.6 Small Shape Detail Placement | Checksum: 1e52dc19e

Time (s): cpu = 00:00:04 ; elapsed = 00:00:02 . Memory (MB): peak = 1025.512 ; gain = 0.000

Phase 3.7 Re-assign LUT pins
Phase 3.7 Re-assign LUT pins | Checksum: 10f7e9278

Time (s): cpu = 00:00:04 ; elapsed = 00:00:02 . Memory (MB): peak = 1025.512 ; gain = 0.000

Phase 3.8 Pipeline Register Optimization
Phase 3.8 Pipeline Register Optimization | Checksum: 10f7e9278

Time (s): cpu = 00:00:04 ; elapsed = 00:00:02 . Memory (MB): peak = 1025.512 ; gain = 0.000
Phase 3 Detail Placement | Checksum: 10f7e9278

Time (s): cpu = 00:00:04 ; elapsed = 00:00:02 . Memory (MB): peak = 1025.512 ; gain = 0.000

Phase 4 Post Placement Optimization and Clean-Up

Phase 4.1 Post Commit Optimization
INFO: [Timing 38-35] Done setting XDC timing constraints.

Phase 4.1.1 Post Placement Optimization
Post Placement Optimization Initialization | Checksum: 166c52c57

Phase 4.1.1.1 BUFG Insertion
INFO: [Physopt 32-721] Multithreading enabled for phys_opt_design using a maximum of 2 CPUs
INFO: [Place 46-41] BUFG insertion identified 0 candidate nets, 0 success, 0 skipped for placement/routing, 0 skipped for timing, 0 skipped for netlist change reason.
Phase 4.1.1.1 BUFG Insertion | Checksum: 166c52c57

Time (s): cpu = 00:00:04 ; elapsed = 00:00:03 . Memory (MB): peak = 1028.969 ; gain = 3.457
INFO: [Place 30-746] Post Placement Timing Summary WNS=5.431. For the most accurate timing information please run report_timing.
Phase 4.1.1 Post Placement Optimization | Checksum: fb143cd6

Time (s): cpu = 00:00:04 ; elapsed = 00:00:03 . Memory (MB): peak = 1028.969 ; gain = 3.457
Phase 4.1 Post Commit Optimization | Checksum: fb143cd6

Time (s): cpu = 00:00:04 ; elapsed = 00:00:03 . Memory (MB): peak = 1028.969 ; gain = 3.457

Phase 4.2 Post Placement Cleanup
Phase 4.2 Post Placement Cleanup | Checksum: fb143cd6

Time (s): cpu = 00:00:04 ; elapsed = 00:00:03 . Memory (MB): peak = 1028.969 ; gain = 3.457

Phase 4.3 Placer Reporting
Phase 4.3 Placer Reporting | Checksum: fb143cd6

Time (s): cpu = 00:00:04 ; elapsed = 00:00:03 . Memory (MB): peak = 1028.969 ; gain = 3.457

Phase 4.4 Final Placement Cleanup
Phase 4.4 Final Placement Cleanup | Checksum: e871b2fa

Time (s): cpu = 00:00:04 ; elapsed = 00:00:03 . Memory (MB): peak = 1028.969 ; gain = 3.457
Phase 4 Post Placement Optimization and Clean-Up | Checksum: e871b2fa

Time (s): cpu = 00:00:04 ; elapsed = 00:00:03 . Memory (MB): peak = 1028.969 ; gain = 3.457
Ending Placer Task | Checksum: 59cbccc4

Time (s): cpu = 00:00:04 ; elapsed = 00:00:03 . Memory (MB): peak = 1028.969 ; gain = 3.457
39 Infos, 0 Warnings, 0 Critical Warnings and 0 Errors encountered.
place_design completed successfully
Writing placer database...
Writing XDEF routing.
Writing XDEF routing logical nets.
Writing XDEF routing special nets.
Write XDEF Complete: Time (s): cpu = 00:00:01 ; elapsed = 00:00:00.113 . Memory (MB): peak = 1028.969 ; gain = 0.000
INFO: [Common 17-1381] The checkpoint 'C:/Users/Raul/Documents/RIGIDEZ_VIVADO/HLS_INTERFAZ_INIT_SIMPLE_MAXMOM/dato2moment/solution1/impl/vhdl/project.runs/impl_1/axi_algorithm_placed.dcp' has been generated.
report_io: Time (s): cpu = 00:00:00 ; elapsed = 00:00:00.035 . Memory (MB): peak = 1028.969 ; gain = 0.000
report_utilization: Time (s): cpu = 00:00:00 ; elapsed = 00:00:00.025 . Memory (MB): peak = 1028.969 ; gain = 0.000
report_control_sets: Time (s): cpu = 00:00:00 ; elapsed = 00:00:00.005 . Memory (MB): peak = 1028.969 ; gain = 0.000
Command: phys_opt_design
Attempting to get a license for feature 'Implementation' and/or device 'xc7z020-clg484'
INFO: [Common 17-349] Got license for feature 'Implementation' and/or device 'xc7z020-clg484'
INFO: [Vivado_Tcl 4-383] Design worst setup slack (WNS) is greater than or equal to 0.500 ns. Skipping all physical synthesis optimizations.
INFO: [Vivado_Tcl 4-232] No setup violation found. The netlist was not modified.
43 Infos, 0 Warnings, 0 Critical Warnings and 0 Errors encountered.
phys_opt_design completed successfully
Writing placer database...
Writing XDEF routing.
Writing XDEF routing logical nets.
Writing XDEF routing special nets.
Write XDEF Complete: Time (s): cpu = 00:00:00 ; elapsed = 00:00:00.144 . Memory (MB): peak = 1028.969 ; gain = 0.000
INFO: [Common 17-1381] The checkpoint 'C:/Users/Raul/Documents/RIGIDEZ_VIVADO/HLS_INTERFAZ_INIT_SIMPLE_MAXMOM/dato2moment/solution1/impl/vhdl/project.runs/impl_1/axi_algorithm_physopt.dcp' has been generated.
Command: route_design
Attempting to get a license for feature 'Implementation' and/or device 'xc7z020-clg484'
INFO: [Common 17-349] Got license for feature 'Implementation' and/or device 'xc7z020-clg484'
Running DRC as a precondition to command route_design
Command: report_drc (run_mandatory_drcs) for: router_checks
INFO: [DRC 23-27] Running DRC with 2 threads
report_drc (run_mandatory_drcs) completed successfully
INFO: [Vivado_Tcl 4-198] DRC finished with 0 Errors
INFO: [Vivado_Tcl 4-199] Please refer to the DRC report (report_drc) for more information.


Starting Routing Task
INFO: [Route 35-254] Multithreading enabled for route_design using a maximum of 2 CPUs
Checksum: PlaceDB: 107037e7 ConstDB: 0 ShapeSum: 495b94dd RouteDB: 0

Phase 1 Build RT Design
WARNING: [Route 35-198] Port "input_AX_ALG_TDATA[13]" does not have an associated HD.PARTPIN_LOCS, which will prevent the partial routing of the signal "input_AX_ALG_TDATA[13]". Without this partial route, timing analysis to/from this port will not be accurate, and no routing information for this port can be exported.
WARNING: [Route 35-198] Port "input_AX_ALG_TDATA[14]" does not have an associated HD.PARTPIN_LOCS, which will prevent the partial routing of the signal "input_AX_ALG_TDATA[14]". Without this partial route, timing analysis to/from this port will not be accurate, and no routing information for this port can be exported.
WARNING: [Route 35-198] Port "input_AX_ALG_TDATA[15]" does not have an associated HD.PARTPIN_LOCS, which will prevent the partial routing of the signal "input_AX_ALG_TDATA[15]". Without this partial route, timing analysis to/from this port will not be accurate, and no routing information for this port can be exported.
WARNING: [Route 35-198] Port "input_AX_ALG_TDATA[7]" does not have an associated HD.PARTPIN_LOCS, which will prevent the partial routing of the signal "input_AX_ALG_TDATA[7]". Without this partial route, timing analysis to/from this port will not be accurate, and no routing information for this port can be exported.
WARNING: [Route 35-198] Port "input_AX_ALG_TDATA[20]" does not have an associated HD.PARTPIN_LOCS, which will prevent the partial routing of the signal "input_AX_ALG_TDATA[20]". Without this partial route, timing analysis to/from this port will not be accurate, and no routing information for this port can be exported.
WARNING: [Route 35-198] Port "input_AX_ALG_TVALID" does not have an associated HD.PARTPIN_LOCS, which will prevent the partial routing of the signal "input_AX_ALG_TVALID". Without this partial route, timing analysis to/from this port will not be accurate, and no routing information for this port can be exported.
WARNING: [Route 35-198] Port "input_AX_ALG_TDATA[10]" does not have an associated HD.PARTPIN_LOCS, which will prevent the partial routing of the signal "input_AX_ALG_TDATA[10]". Without this partial route, timing analysis to/from this port will not be accurate, and no routing information for this port can be exported.
WARNING: [Route 35-198] Port "ap_rst_n" does not have an associated HD.PARTPIN_LOCS, which will prevent the partial routing of the signal "ap_rst_n". Without this partial route, timing analysis to/from this port will not be accurate, and no routing information for this port can be exported.
WARNING: [Route 35-198] Port "input_AX_ALG_TDATA[31]" does not have an associated HD.PARTPIN_LOCS, which will prevent the partial routing of the signal "input_AX_ALG_TDATA[31]". Without this partial route, timing analysis to/from this port will not be accurate, and no routing information for this port can be exported.
WARNING: [Route 35-198] Port "input_AX_ALG_TDATA[3]" does not have an associated HD.PARTPIN_LOCS, which will prevent the partial routing of the signal "input_AX_ALG_TDATA[3]". Without this partial route, timing analysis to/from this port will not be accurate, and no routing information for this port can be exported.
WARNING: [Route 35-198] Port "input_AX_ALG_TDATA[4]" does not have an associated HD.PARTPIN_LOCS, which will prevent the partial routing of the signal "input_AX_ALG_TDATA[4]". Without this partial route, timing analysis to/from this port will not be accurate, and no routing information for this port can be exported.
WARNING: [Route 35-198] Port "input_AX_ALG_TDATA[5]" does not have an associated HD.PARTPIN_LOCS, which will prevent the partial routing of the signal "input_AX_ALG_TDATA[5]". Without this partial route, timing analysis to/from this port will not be accurate, and no routing information for this port can be exported.
WARNING: [Route 35-198] Port "input_AX_ALG_TDATA[21]" does not have an associated HD.PARTPIN_LOCS, which will prevent the partial routing of the signal "input_AX_ALG_TDATA[21]". Without this partial route, timing analysis to/from this port will not be accurate, and no routing information for this port can be exported.
WARNING: [Route 35-198] Port "input_AX_ALG_TDATA[22]" does not have an associated HD.PARTPIN_LOCS, which will prevent the partial routing of the signal "input_AX_ALG_TDATA[22]". Without this partial route, timing analysis to/from this port will not be accurate, and no routing information for this port can be exported.
WARNING: [Route 35-198] Port "input_AX_ALG_TDATA[23]" does not have an associated HD.PARTPIN_LOCS, which will prevent the partial routing of the signal "input_AX_ALG_TDATA[23]". Without this partial route, timing analysis to/from this port will not be accurate, and no routing information for this port can be exported.
WARNING: [Route 35-198] Port "input_AX_ALG_TDATA[24]" does not have an associated HD.PARTPIN_LOCS, which will prevent the partial routing of the signal "input_AX_ALG_TDATA[24]". Without this partial route, timing analysis to/from this port will not be accurate, and no routing information for this port can be exported.
WARNING: [Route 35-198] Port "input_AX_ALG_TDATA[25]" does not have an associated HD.PARTPIN_LOCS, which will prevent the partial routing of the signal "input_AX_ALG_TDATA[25]". Without this partial route, timing analysis to/from this port will not be accurate, and no routing information for this port can be exported.
WARNING: [Route 35-198] Port "input_AX_ALG_TDATA[26]" does not have an associated HD.PARTPIN_LOCS, which will prevent the partial routing of the signal "input_AX_ALG_TDATA[26]". Without this partial route, timing analysis to/from this port will not be accurate, and no routing information for this port can be exported.
WARNING: [Route 35-198] Port "input_AX_ALG_TDATA[27]" does not have an associated HD.PARTPIN_LOCS, which will prevent the partial routing of the signal "input_AX_ALG_TDATA[27]". Without this partial route, timing analysis to/from this port will not be accurate, and no routing information for this port can be exported.
WARNING: [Route 35-198] Port "input_AX_ALG_TDATA[12]" does not have an associated HD.PARTPIN_LOCS, which will prevent the partial routing of the signal "input_AX_ALG_TDATA[12]". Without this partial route, timing analysis to/from this port will not be accurate, and no routing information for this port can be exported.
WARNING: [Route 35-198] Port "input_AX_ALG_TDATA[28]" does not have an associated HD.PARTPIN_LOCS, which will prevent the partial routing of the signal "input_AX_ALG_TDATA[28]". Without this partial route, timing analysis to/from this port will not be accurate, and no routing information for this port can be exported.
WARNING: [Route 35-198] Port "input_AX_ALG_TDATA[29]" does not have an associated HD.PARTPIN_LOCS, which will prevent the partial routing of the signal "input_AX_ALG_TDATA[29]". Without this partial route, timing analysis to/from this port will not be accurate, and no routing information for this port can be exported.
WARNING: [Route 35-198] Port "input_AX_ALG_TDATA[2]" does not have an associated HD.PARTPIN_LOCS, which will prevent the partial routing of the signal "input_AX_ALG_TDATA[2]". Without this partial route, timing analysis to/from this port will not be accurate, and no routing information for this port can be exported.
WARNING: [Route 35-198] Port "input_AX_ALG_TDATA[30]" does not have an associated HD.PARTPIN_LOCS, which will prevent the partial routing of the signal "input_AX_ALG_TDATA[30]". Without this partial route, timing analysis to/from this port will not be accurate, and no routing information for this port can be exported.
WARNING: [Route 35-198] Port "output_AX_ALGpalma0_TREADY" does not have an associated HD.PARTPIN_LOCS, which will prevent the partial routing of the signal "output_AX_ALGpalma0_TREADY". Without this partial route, timing analysis to/from this port will not be accurate, and no routing information for this port can be exported.
WARNING: [Route 35-198] Port "output_AX_ALGpalma1_TREADY" does not have an associated HD.PARTPIN_LOCS, which will prevent the partial routing of the signal "output_AX_ALGpalma1_TREADY". Without this partial route, timing analysis to/from this port will not be accurate, and no routing information for this port can be exported.
WARNING: [Route 35-198] Port "output_AX_ALGdedo0_TREADY" does not have an associated HD.PARTPIN_LOCS, which will prevent the partial routing of the signal "output_AX_ALGdedo0_TREADY". Without this partial route, timing analysis to/from this port will not be accurate, and no routing information for this port can be exported.
WARNING: [Route 35-198] Port "output_AX_ALGdedo1_TREADY" does not have an associated HD.PARTPIN_LOCS, which will prevent the partial routing of the signal "output_AX_ALGdedo1_TREADY". Without this partial route, timing analysis to/from this port will not be accurate, and no routing information for this port can be exported.
WARNING: [Route 35-198] Port "input_AX_ALG_TDATA[8]" does not have an associated HD.PARTPIN_LOCS, which will prevent the partial routing of the signal "input_AX_ALG_TDATA[8]". Without this partial route, timing analysis to/from this port will not be accurate, and no routing information for this port can be exported.
WARNING: [Route 35-198] Port "input_AX_ALG_TDATA[9]" does not have an associated HD.PARTPIN_LOCS, which will prevent the partial routing of the signal "input_AX_ALG_TDATA[9]". Without this partial route, timing analysis to/from this port will not be accurate, and no routing information for this port can be exported.
WARNING: [Route 35-198] Port "input_AX_ALG_TDATA[0]" does not have an associated HD.PARTPIN_LOCS, which will prevent the partial routing of the signal "input_AX_ALG_TDATA[0]". Without this partial route, timing analysis to/from this port will not be accurate, and no routing information for this port can be exported.
WARNING: [Route 35-198] Port "input_AX_ALG_TDATA[11]" does not have an associated HD.PARTPIN_LOCS, which will prevent the partial routing of the signal "input_AX_ALG_TDATA[11]". Without this partial route, timing analysis to/from this port will not be accurate, and no routing information for this port can be exported.
WARNING: [Route 35-198] Port "input_AX_ALG_TDATA[17]" does not have an associated HD.PARTPIN_LOCS, which will prevent the partial routing of the signal "input_AX_ALG_TDATA[17]". Without this partial route, timing analysis to/from this port will not be accurate, and no routing information for this port can be exported.
WARNING: [Route 35-198] Port "input_AX_ALG_TDATA[1]" does not have an associated HD.PARTPIN_LOCS, which will prevent the partial routing of the signal "input_AX_ALG_TDATA[1]". Without this partial route, timing analysis to/from this port will not be accurate, and no routing information for this port can be exported.
WARNING: [Route 35-198] Port "input_AX_ALG_TDATA[6]" does not have an associated HD.PARTPIN_LOCS, which will prevent the partial routing of the signal "input_AX_ALG_TDATA[6]". Without this partial route, timing analysis to/from this port will not be accurate, and no routing information for this port can be exported.
WARNING: [Route 35-198] Port "input_AX_ALG_TDATA[16]" does not have an associated HD.PARTPIN_LOCS, which will prevent the partial routing of the signal "input_AX_ALG_TDATA[16]". Without this partial route, timing analysis to/from this port will not be accurate, and no routing information for this port can be exported.
WARNING: [Route 35-198] Port "input_AX_ALG_TDATA[18]" does not have an associated HD.PARTPIN_LOCS, which will prevent the partial routing of the signal "input_AX_ALG_TDATA[18]". Without this partial route, timing analysis to/from this port will not be accurate, and no routing information for this port can be exported.
WARNING: [Route 35-198] Port "input_AX_ALG_TDATA[19]" does not have an associated HD.PARTPIN_LOCS, which will prevent the partial routing of the signal "input_AX_ALG_TDATA[19]". Without this partial route, timing analysis to/from this port will not be accurate, and no routing information for this port can be exported.
Phase 1 Build RT Design | Checksum: 6029c54c

Time (s): cpu = 00:00:19 ; elapsed = 00:00:17 . Memory (MB): peak = 1147.684 ; gain = 118.715

Phase 2 Router Initialization

Phase 2.1 Create Timer
Phase 2.1 Create Timer | Checksum: 6029c54c

Time (s): cpu = 00:00:19 ; elapsed = 00:00:17 . Memory (MB): peak = 1147.684 ; gain = 118.715

Phase 2.2 Fix Topology Constraints
Phase 2.2 Fix Topology Constraints | Checksum: 6029c54c

Time (s): cpu = 00:00:19 ; elapsed = 00:00:17 . Memory (MB): peak = 1151.406 ; gain = 122.438

Phase 2.3 Pre Route Cleanup
Phase 2.3 Pre Route Cleanup | Checksum: 6029c54c

Time (s): cpu = 00:00:19 ; elapsed = 00:00:17 . Memory (MB): peak = 1151.406 ; gain = 122.438
 Number of Nodes with overlaps = 0

Phase 2.4 Update Timing
Phase 2.4 Update Timing | Checksum: 126d78e57

Time (s): cpu = 00:00:19 ; elapsed = 00:00:17 . Memory (MB): peak = 1153.785 ; gain = 124.816
INFO: [Route 35-416] Intermediate Timing Summary | WNS=5.437  | TNS=0.000  | WHS=-0.186 | THS=-11.301|

Phase 2 Router Initialization | Checksum: a7f48a84

Time (s): cpu = 00:00:20 ; elapsed = 00:00:17 . Memory (MB): peak = 1153.785 ; gain = 124.816

Phase 3 Initial Routing
Phase 3 Initial Routing | Checksum: 17b8e41a3

Time (s): cpu = 00:00:20 ; elapsed = 00:00:17 . Memory (MB): peak = 1154.781 ; gain = 125.812

Phase 4 Rip-up And Reroute

Phase 4.1 Global Iteration 0
 Number of Nodes with overlaps = 63
 Number of Nodes with overlaps = 0
INFO: [Route 35-416] Intermediate Timing Summary | WNS=4.361  | TNS=0.000  | WHS=N/A    | THS=N/A    |

Phase 4.1 Global Iteration 0 | Checksum: e45077d5

Time (s): cpu = 00:00:20 ; elapsed = 00:00:17 . Memory (MB): peak = 1154.789 ; gain = 125.820

Phase 4.2 Global Iteration 1
 Number of Nodes with overlaps = 2
 Number of Nodes with overlaps = 0
INFO: [Route 35-416] Intermediate Timing Summary | WNS=4.361  | TNS=0.000  | WHS=N/A    | THS=N/A    |

Phase 4.2 Global Iteration 1 | Checksum: 1350bbc4b

Time (s): cpu = 00:00:20 ; elapsed = 00:00:17 . Memory (MB): peak = 1154.789 ; gain = 125.820
Phase 4 Rip-up And Reroute | Checksum: 1350bbc4b

Time (s): cpu = 00:00:20 ; elapsed = 00:00:17 . Memory (MB): peak = 1154.789 ; gain = 125.820

Phase 5 Delay and Skew Optimization

Phase 5.1 Delay CleanUp
Phase 5.1 Delay CleanUp | Checksum: 1350bbc4b

Time (s): cpu = 00:00:20 ; elapsed = 00:00:17 . Memory (MB): peak = 1154.789 ; gain = 125.820

Phase 5.2 Clock Skew Optimization
Phase 5.2 Clock Skew Optimization | Checksum: 1350bbc4b

Time (s): cpu = 00:00:20 ; elapsed = 00:00:17 . Memory (MB): peak = 1154.789 ; gain = 125.820
Phase 5 Delay and Skew Optimization | Checksum: 1350bbc4b

Time (s): cpu = 00:00:20 ; elapsed = 00:00:17 . Memory (MB): peak = 1154.789 ; gain = 125.820

Phase 6 Post Hold Fix

Phase 6.1 Hold Fix Iter

Phase 6.1.1 Update Timing
Phase 6.1.1 Update Timing | Checksum: 15ec34b70

Time (s): cpu = 00:00:20 ; elapsed = 00:00:17 . Memory (MB): peak = 1154.789 ; gain = 125.820
INFO: [Route 35-416] Intermediate Timing Summary | WNS=4.476  | TNS=0.000  | WHS=0.043  | THS=0.000  |

Phase 6.1 Hold Fix Iter | Checksum: 1a91b107f

Time (s): cpu = 00:00:20 ; elapsed = 00:00:17 . Memory (MB): peak = 1154.789 ; gain = 125.820
Phase 6 Post Hold Fix | Checksum: 1a91b107f

Time (s): cpu = 00:00:20 ; elapsed = 00:00:17 . Memory (MB): peak = 1154.789 ; gain = 125.820

Phase 7 Route finalize

Router Utilization Summary
  Global Vertical Routing Utilization    = 0.117272 %
  Global Horizontal Routing Utilization  = 0.160328 %
  Routable Net Status*
  *Does not include unroutable nets such as driverless and loadless.
  Run report_route_status for detailed report.
  Number of Failed Nets               = 0
  Number of Unrouted Nets             = 0
  Number of Partially Routed Nets     = 0
  Number of Node Overlaps             = 0

Phase 7 Route finalize | Checksum: 1f52fed90

Time (s): cpu = 00:00:20 ; elapsed = 00:00:17 . Memory (MB): peak = 1154.789 ; gain = 125.820

Phase 8 Verifying routed nets

 Verification completed successfully
Phase 8 Verifying routed nets | Checksum: 1f52fed90

Time (s): cpu = 00:00:20 ; elapsed = 00:00:17 . Memory (MB): peak = 1157.848 ; gain = 128.879

Phase 9 Depositing Routes
Phase 9 Depositing Routes | Checksum: 14590daef

Time (s): cpu = 00:00:20 ; elapsed = 00:00:17 . Memory (MB): peak = 1157.848 ; gain = 128.879

Phase 10 Post Router Timing
INFO: [Route 35-57] Estimated Timing Summary | WNS=4.476  | TNS=0.000  | WHS=0.043  | THS=0.000  |

INFO: [Route 35-327] The final timing numbers are based on the router estimated timing analysis. For a complete and accurate timing signoff, please run report_timing_summary.
Phase 10 Post Router Timing | Checksum: 14590daef

Time (s): cpu = 00:00:20 ; elapsed = 00:00:17 . Memory (MB): peak = 1157.848 ; gain = 128.879
INFO: [Route 35-16] Router Completed Successfully

Time (s): cpu = 00:00:20 ; elapsed = 00:00:17 . Memory (MB): peak = 1157.848 ; gain = 128.879

Routing Is Done.
56 Infos, 38 Warnings, 0 Critical Warnings and 0 Errors encountered.
route_design completed successfully
route_design: Time (s): cpu = 00:00:22 ; elapsed = 00:00:18 . Memory (MB): peak = 1157.848 ; gain = 128.879
Writing placer database...
Writing XDEF routing.
Writing XDEF routing logical nets.
Writing XDEF routing special nets.
Write XDEF Complete: Time (s): cpu = 00:00:00 ; elapsed = 00:00:00.156 . Memory (MB): peak = 1157.848 ; gain = 0.000
INFO: [Common 17-1381] The checkpoint 'C:/Users/Raul/Documents/RIGIDEZ_VIVADO/HLS_INTERFAZ_INIT_SIMPLE_MAXMOM/dato2moment/solution1/impl/vhdl/project.runs/impl_1/axi_algorithm_routed.dcp' has been generated.
Command: report_drc -file axi_algorithm_drc_routed.rpt -pb axi_algorithm_drc_routed.pb -rpx axi_algorithm_drc_routed.rpx
INFO: [DRC 23-27] Running DRC with 2 threads
INFO: [Coretcl 2-168] The results of DRC are in file C:/Users/Raul/Documents/RIGIDEZ_VIVADO/HLS_INTERFAZ_INIT_SIMPLE_MAXMOM/dato2moment/solution1/impl/vhdl/project.runs/impl_1/axi_algorithm_drc_routed.rpt.
report_drc completed successfully
Command: report_methodology -file axi_algorithm_methodology_drc_routed.rpt -rpx axi_algorithm_methodology_drc_routed.rpx
INFO: [Timing 38-35] Done setting XDC timing constraints.
INFO: [DRC 23-133] Running Methodology with 2 threads
INFO: [Coretcl 2-1520] The results of Report Methodology are in file C:/Users/Raul/Documents/RIGIDEZ_VIVADO/HLS_INTERFAZ_INIT_SIMPLE_MAXMOM/dato2moment/solution1/impl/vhdl/project.runs/impl_1/axi_algorithm_methodology_drc_routed.rpt.
report_methodology completed successfully
Command: report_power -file axi_algorithm_power_routed.rpt -pb axi_algorithm_power_summary_routed.pb -rpx axi_algorithm_power_routed.rpx
INFO: [Timing 38-35] Done setting XDC timing constraints.
Running Vector-less Activity Propagation...

Finished Running Vector-less Activity Propagation
63 Infos, 38 Warnings, 0 Critical Warnings and 0 Errors encountered.
report_power completed successfully
INFO: [Timing 38-91] UpdateTimingParams: Speed grade: -1, Delay Type: min_max.
INFO: [Timing 38-191] Multithreading enabled for timing update using a maximum of 2 CPUs
INFO: [Common 17-206] Exiting Vivado at Mon Feb  1 13:53:28 2021...
