Copyright 1986-2017 Xilinx, Inc. All Rights Reserved.
---------------------------------------------------------------------------------------------------------------------------------
| Tool Version : Vivado v.2017.1 (win64) Build 1846317 Fri Apr 14 18:55:03 MDT 2017
| Date         : Tue Mar 16 16:39:37 2021
| Host         : LAPTOP-5NTBTHR8 running 64-bit major release  (build 9200)
| Command      : report_methodology -file axi_algorithm_methodology_drc_routed.rpt -rpx axi_algorithm_methodology_drc_routed.rpx
| Design       : axi_algorithm
| Device       : xc7z020clg484-1
| Speed File   : -1
| Design State : Routed
---------------------------------------------------------------------------------------------------------------------------------

Report Methodology

Table of Contents
-----------------
1. REPORT SUMMARY
2. REPORT DETAILS

1. REPORT SUMMARY
-----------------
            Netlist: netlist
          Floorplan: checkpoint_axi_algorithm
      Design limits: <entire design considered>
             Max violations: <unlimited>
             Violations found: 102
+-----------+----------+-------------------------------+------------+
| Rule      | Severity | Description                   | Violations |
+-----------+----------+-------------------------------+------------+
| TIMING-18 | Warning  | Missing input or output delay | 102        |
+-----------+----------+-------------------------------+------------+

2. REPORT DETAILS
-----------------
TIMING-18#1 Warning
Missing input or output delay  
An input delay is missing on ap_rst_n relative to clock(s) ap_clk 
Related violations: <none>

TIMING-18#2 Warning
Missing input or output delay  
An input delay is missing on full_fifo[0] relative to clock(s) ap_clk 
Related violations: <none>

TIMING-18#3 Warning
Missing input or output delay  
An input delay is missing on full_fifo[10] relative to clock(s) ap_clk 
Related violations: <none>

TIMING-18#4 Warning
Missing input or output delay  
An input delay is missing on full_fifo[11] relative to clock(s) ap_clk 
Related violations: <none>

TIMING-18#5 Warning
Missing input or output delay  
An input delay is missing on full_fifo[12] relative to clock(s) ap_clk 
Related violations: <none>

TIMING-18#6 Warning
Missing input or output delay  
An input delay is missing on full_fifo[13] relative to clock(s) ap_clk 
Related violations: <none>

TIMING-18#7 Warning
Missing input or output delay  
An input delay is missing on full_fifo[14] relative to clock(s) ap_clk 
Related violations: <none>

TIMING-18#8 Warning
Missing input or output delay  
An input delay is missing on full_fifo[15] relative to clock(s) ap_clk 
Related violations: <none>

TIMING-18#9 Warning
Missing input or output delay  
An input delay is missing on full_fifo[16] relative to clock(s) ap_clk 
Related violations: <none>

TIMING-18#10 Warning
Missing input or output delay  
An input delay is missing on full_fifo[17] relative to clock(s) ap_clk 
Related violations: <none>

TIMING-18#11 Warning
Missing input or output delay  
An input delay is missing on full_fifo[18] relative to clock(s) ap_clk 
Related violations: <none>

TIMING-18#12 Warning
Missing input or output delay  
An input delay is missing on full_fifo[19] relative to clock(s) ap_clk 
Related violations: <none>

TIMING-18#13 Warning
Missing input or output delay  
An input delay is missing on full_fifo[1] relative to clock(s) ap_clk 
Related violations: <none>

TIMING-18#14 Warning
Missing input or output delay  
An input delay is missing on full_fifo[20] relative to clock(s) ap_clk 
Related violations: <none>

TIMING-18#15 Warning
Missing input or output delay  
An input delay is missing on full_fifo[21] relative to clock(s) ap_clk 
Related violations: <none>

TIMING-18#16 Warning
Missing input or output delay  
An input delay is missing on full_fifo[22] relative to clock(s) ap_clk 
Related violations: <none>

TIMING-18#17 Warning
Missing input or output delay  
An input delay is missing on full_fifo[23] relative to clock(s) ap_clk 
Related violations: <none>

TIMING-18#18 Warning
Missing input or output delay  
An input delay is missing on full_fifo[24] relative to clock(s) ap_clk 
Related violations: <none>

TIMING-18#19 Warning
Missing input or output delay  
An input delay is missing on full_fifo[25] relative to clock(s) ap_clk 
Related violations: <none>

TIMING-18#20 Warning
Missing input or output delay  
An input delay is missing on full_fifo[26] relative to clock(s) ap_clk 
Related violations: <none>

TIMING-18#21 Warning
Missing input or output delay  
An input delay is missing on full_fifo[27] relative to clock(s) ap_clk 
Related violations: <none>

TIMING-18#22 Warning
Missing input or output delay  
An input delay is missing on full_fifo[28] relative to clock(s) ap_clk 
Related violations: <none>

TIMING-18#23 Warning
Missing input or output delay  
An input delay is missing on full_fifo[29] relative to clock(s) ap_clk 
Related violations: <none>

TIMING-18#24 Warning
Missing input or output delay  
An input delay is missing on full_fifo[2] relative to clock(s) ap_clk 
Related violations: <none>

TIMING-18#25 Warning
Missing input or output delay  
An input delay is missing on full_fifo[30] relative to clock(s) ap_clk 
Related violations: <none>

TIMING-18#26 Warning
Missing input or output delay  
An input delay is missing on full_fifo[31] relative to clock(s) ap_clk 
Related violations: <none>

TIMING-18#27 Warning
Missing input or output delay  
An input delay is missing on full_fifo[3] relative to clock(s) ap_clk 
Related violations: <none>

TIMING-18#28 Warning
Missing input or output delay  
An input delay is missing on full_fifo[4] relative to clock(s) ap_clk 
Related violations: <none>

TIMING-18#29 Warning
Missing input or output delay  
An input delay is missing on full_fifo[5] relative to clock(s) ap_clk 
Related violations: <none>

TIMING-18#30 Warning
Missing input or output delay  
An input delay is missing on full_fifo[6] relative to clock(s) ap_clk 
Related violations: <none>

TIMING-18#31 Warning
Missing input or output delay  
An input delay is missing on full_fifo[7] relative to clock(s) ap_clk 
Related violations: <none>

TIMING-18#32 Warning
Missing input or output delay  
An input delay is missing on full_fifo[8] relative to clock(s) ap_clk 
Related violations: <none>

TIMING-18#33 Warning
Missing input or output delay  
An input delay is missing on full_fifo[9] relative to clock(s) ap_clk 
Related violations: <none>

TIMING-18#34 Warning
Missing input or output delay  
An input delay is missing on input_AX_ALG_TDATA[0] relative to clock(s) ap_clk 
Related violations: <none>

TIMING-18#35 Warning
Missing input or output delay  
An input delay is missing on input_AX_ALG_TDATA[10] relative to clock(s) ap_clk 
Related violations: <none>

TIMING-18#36 Warning
Missing input or output delay  
An input delay is missing on input_AX_ALG_TDATA[11] relative to clock(s) ap_clk 
Related violations: <none>

TIMING-18#37 Warning
Missing input or output delay  
An input delay is missing on input_AX_ALG_TDATA[12] relative to clock(s) ap_clk 
Related violations: <none>

TIMING-18#38 Warning
Missing input or output delay  
An input delay is missing on input_AX_ALG_TDATA[13] relative to clock(s) ap_clk 
Related violations: <none>

TIMING-18#39 Warning
Missing input or output delay  
An input delay is missing on input_AX_ALG_TDATA[14] relative to clock(s) ap_clk 
Related violations: <none>

TIMING-18#40 Warning
Missing input or output delay  
An input delay is missing on input_AX_ALG_TDATA[15] relative to clock(s) ap_clk 
Related violations: <none>

TIMING-18#41 Warning
Missing input or output delay  
An input delay is missing on input_AX_ALG_TDATA[16] relative to clock(s) ap_clk 
Related violations: <none>

TIMING-18#42 Warning
Missing input or output delay  
An input delay is missing on input_AX_ALG_TDATA[17] relative to clock(s) ap_clk 
Related violations: <none>

TIMING-18#43 Warning
Missing input or output delay  
An input delay is missing on input_AX_ALG_TDATA[18] relative to clock(s) ap_clk 
Related violations: <none>

TIMING-18#44 Warning
Missing input or output delay  
An input delay is missing on input_AX_ALG_TDATA[19] relative to clock(s) ap_clk 
Related violations: <none>

TIMING-18#45 Warning
Missing input or output delay  
An input delay is missing on input_AX_ALG_TDATA[1] relative to clock(s) ap_clk 
Related violations: <none>

TIMING-18#46 Warning
Missing input or output delay  
An input delay is missing on input_AX_ALG_TDATA[20] relative to clock(s) ap_clk 
Related violations: <none>

TIMING-18#47 Warning
Missing input or output delay  
An input delay is missing on input_AX_ALG_TDATA[21] relative to clock(s) ap_clk 
Related violations: <none>

TIMING-18#48 Warning
Missing input or output delay  
An input delay is missing on input_AX_ALG_TDATA[22] relative to clock(s) ap_clk 
Related violations: <none>

TIMING-18#49 Warning
Missing input or output delay  
An input delay is missing on input_AX_ALG_TDATA[23] relative to clock(s) ap_clk 
Related violations: <none>

TIMING-18#50 Warning
Missing input or output delay  
An input delay is missing on input_AX_ALG_TDATA[24] relative to clock(s) ap_clk 
Related violations: <none>

TIMING-18#51 Warning
Missing input or output delay  
An input delay is missing on input_AX_ALG_TDATA[25] relative to clock(s) ap_clk 
Related violations: <none>

TIMING-18#52 Warning
Missing input or output delay  
An input delay is missing on input_AX_ALG_TDATA[26] relative to clock(s) ap_clk 
Related violations: <none>

TIMING-18#53 Warning
Missing input or output delay  
An input delay is missing on input_AX_ALG_TDATA[27] relative to clock(s) ap_clk 
Related violations: <none>

TIMING-18#54 Warning
Missing input or output delay  
An input delay is missing on input_AX_ALG_TDATA[28] relative to clock(s) ap_clk 
Related violations: <none>

TIMING-18#55 Warning
Missing input or output delay  
An input delay is missing on input_AX_ALG_TDATA[29] relative to clock(s) ap_clk 
Related violations: <none>

TIMING-18#56 Warning
Missing input or output delay  
An input delay is missing on input_AX_ALG_TDATA[2] relative to clock(s) ap_clk 
Related violations: <none>

TIMING-18#57 Warning
Missing input or output delay  
An input delay is missing on input_AX_ALG_TDATA[30] relative to clock(s) ap_clk 
Related violations: <none>

TIMING-18#58 Warning
Missing input or output delay  
An input delay is missing on input_AX_ALG_TDATA[31] relative to clock(s) ap_clk 
Related violations: <none>

TIMING-18#59 Warning
Missing input or output delay  
An input delay is missing on input_AX_ALG_TDATA[3] relative to clock(s) ap_clk 
Related violations: <none>

TIMING-18#60 Warning
Missing input or output delay  
An input delay is missing on input_AX_ALG_TDATA[4] relative to clock(s) ap_clk 
Related violations: <none>

TIMING-18#61 Warning
Missing input or output delay  
An input delay is missing on input_AX_ALG_TDATA[5] relative to clock(s) ap_clk 
Related violations: <none>

TIMING-18#62 Warning
Missing input or output delay  
An input delay is missing on input_AX_ALG_TDATA[6] relative to clock(s) ap_clk 
Related violations: <none>

TIMING-18#63 Warning
Missing input or output delay  
An input delay is missing on input_AX_ALG_TDATA[7] relative to clock(s) ap_clk 
Related violations: <none>

TIMING-18#64 Warning
Missing input or output delay  
An input delay is missing on input_AX_ALG_TDATA[8] relative to clock(s) ap_clk 
Related violations: <none>

TIMING-18#65 Warning
Missing input or output delay  
An input delay is missing on input_AX_ALG_TDATA[9] relative to clock(s) ap_clk 
Related violations: <none>

TIMING-18#66 Warning
Missing input or output delay  
An input delay is missing on input_AX_ALG_TVALID relative to clock(s) ap_clk 
Related violations: <none>

TIMING-18#67 Warning
Missing input or output delay  
An input delay is missing on output_AX_ALG_TREADY relative to clock(s) ap_clk 
Related violations: <none>

TIMING-18#68 Warning
Missing input or output delay  
An output delay is missing on input_AX_ALG_TREADY relative to clock(s) ap_clk 
Related violations: <none>

TIMING-18#69 Warning
Missing input or output delay  
An output delay is missing on output_AX_ALG_TDATA[0] relative to clock(s) ap_clk 
Related violations: <none>

TIMING-18#70 Warning
Missing input or output delay  
An output delay is missing on output_AX_ALG_TDATA[10] relative to clock(s) ap_clk 
Related violations: <none>

TIMING-18#71 Warning
Missing input or output delay  
An output delay is missing on output_AX_ALG_TDATA[11] relative to clock(s) ap_clk 
Related violations: <none>

TIMING-18#72 Warning
Missing input or output delay  
An output delay is missing on output_AX_ALG_TDATA[12] relative to clock(s) ap_clk 
Related violations: <none>

TIMING-18#73 Warning
Missing input or output delay  
An output delay is missing on output_AX_ALG_TDATA[13] relative to clock(s) ap_clk 
Related violations: <none>

TIMING-18#74 Warning
Missing input or output delay  
An output delay is missing on output_AX_ALG_TDATA[14] relative to clock(s) ap_clk 
Related violations: <none>

TIMING-18#75 Warning
Missing input or output delay  
An output delay is missing on output_AX_ALG_TDATA[15] relative to clock(s) ap_clk 
Related violations: <none>

TIMING-18#76 Warning
Missing input or output delay  
An output delay is missing on output_AX_ALG_TDATA[16] relative to clock(s) ap_clk 
Related violations: <none>

TIMING-18#77 Warning
Missing input or output delay  
An output delay is missing on output_AX_ALG_TDATA[17] relative to clock(s) ap_clk 
Related violations: <none>

TIMING-18#78 Warning
Missing input or output delay  
An output delay is missing on output_AX_ALG_TDATA[18] relative to clock(s) ap_clk 
Related violations: <none>

TIMING-18#79 Warning
Missing input or output delay  
An output delay is missing on output_AX_ALG_TDATA[19] relative to clock(s) ap_clk 
Related violations: <none>

TIMING-18#80 Warning
Missing input or output delay  
An output delay is missing on output_AX_ALG_TDATA[1] relative to clock(s) ap_clk 
Related violations: <none>

TIMING-18#81 Warning
Missing input or output delay  
An output delay is missing on output_AX_ALG_TDATA[20] relative to clock(s) ap_clk 
Related violations: <none>

TIMING-18#82 Warning
Missing input or output delay  
An output delay is missing on output_AX_ALG_TDATA[21] relative to clock(s) ap_clk 
Related violations: <none>

TIMING-18#83 Warning
Missing input or output delay  
An output delay is missing on output_AX_ALG_TDATA[22] relative to clock(s) ap_clk 
Related violations: <none>

TIMING-18#84 Warning
Missing input or output delay  
An output delay is missing on output_AX_ALG_TDATA[23] relative to clock(s) ap_clk 
Related violations: <none>

TIMING-18#85 Warning
Missing input or output delay  
An output delay is missing on output_AX_ALG_TDATA[24] relative to clock(s) ap_clk 
Related violations: <none>

TIMING-18#86 Warning
Missing input or output delay  
An output delay is missing on output_AX_ALG_TDATA[25] relative to clock(s) ap_clk 
Related violations: <none>

TIMING-18#87 Warning
Missing input or output delay  
An output delay is missing on output_AX_ALG_TDATA[26] relative to clock(s) ap_clk 
Related violations: <none>

TIMING-18#88 Warning
Missing input or output delay  
An output delay is missing on output_AX_ALG_TDATA[27] relative to clock(s) ap_clk 
Related violations: <none>

TIMING-18#89 Warning
Missing input or output delay  
An output delay is missing on output_AX_ALG_TDATA[28] relative to clock(s) ap_clk 
Related violations: <none>

TIMING-18#90 Warning
Missing input or output delay  
An output delay is missing on output_AX_ALG_TDATA[29] relative to clock(s) ap_clk 
Related violations: <none>

TIMING-18#91 Warning
Missing input or output delay  
An output delay is missing on output_AX_ALG_TDATA[2] relative to clock(s) ap_clk 
Related violations: <none>

TIMING-18#92 Warning
Missing input or output delay  
An output delay is missing on output_AX_ALG_TDATA[30] relative to clock(s) ap_clk 
Related violations: <none>

TIMING-18#93 Warning
Missing input or output delay  
An output delay is missing on output_AX_ALG_TDATA[31] relative to clock(s) ap_clk 
Related violations: <none>

TIMING-18#94 Warning
Missing input or output delay  
An output delay is missing on output_AX_ALG_TDATA[3] relative to clock(s) ap_clk 
Related violations: <none>

TIMING-18#95 Warning
Missing input or output delay  
An output delay is missing on output_AX_ALG_TDATA[4] relative to clock(s) ap_clk 
Related violations: <none>

TIMING-18#96 Warning
Missing input or output delay  
An output delay is missing on output_AX_ALG_TDATA[5] relative to clock(s) ap_clk 
Related violations: <none>

TIMING-18#97 Warning
Missing input or output delay  
An output delay is missing on output_AX_ALG_TDATA[6] relative to clock(s) ap_clk 
Related violations: <none>

TIMING-18#98 Warning
Missing input or output delay  
An output delay is missing on output_AX_ALG_TDATA[7] relative to clock(s) ap_clk 
Related violations: <none>

TIMING-18#99 Warning
Missing input or output delay  
An output delay is missing on output_AX_ALG_TDATA[8] relative to clock(s) ap_clk 
Related violations: <none>

TIMING-18#100 Warning
Missing input or output delay  
An output delay is missing on output_AX_ALG_TDATA[9] relative to clock(s) ap_clk 
Related violations: <none>

TIMING-18#101 Warning
Missing input or output delay  
An output delay is missing on output_AX_ALG_TLAST[0] relative to clock(s) ap_clk 
Related violations: <none>

TIMING-18#102 Warning
Missing input or output delay  
An output delay is missing on output_AX_ALG_TVALID relative to clock(s) ap_clk 
Related violations: <none>


