

================================================================
== Vivado HLS Report for 'read_data'
================================================================
* Date:           Tue Jul 14 13:29:08 2020

* Version:        2017.1 (Build 1846317 on Fri Apr 14 19:19:38 MDT 2017)
* Project:        ALG
* Solution:       solution22
* Product family: zynq
* Target device:  xc7z020clg484-1


================================================================
== Performance Estimates
================================================================
+ Timing (ns): 
    * Summary: 
    +--------+-------+----------+------------+
    |  Clock | Target| Estimated| Uncertainty|
    +--------+-------+----------+------------+
    |ap_clk  |  10.00|      2.32|        1.25|
    +--------+-------+----------+------------+

+ Latency (clock cycles): 
    * Summary: 
    +-----+-----+-----+-----+----------+
    |  Latency  |  Interval | Pipeline |
    | min | max | min | max |   Type   |
    +-----+-----+-----+-----+----------+
    |    1|    1|    1|    1| function |
    +-----+-----+-----+-----+----------+

    + Detail: 
        * Instance: 
        N/A

        * Loop: 
        N/A

============================================================
+ Verbose Summary: Synthesis Manager
============================================================
InlineROM: 1
ExposeGlobal: 0
============================================================
+ Verbose Summary: CDFG Model
============================================================
IsTopModel: 0
ResetActiveHigh: 1
IsCombinational: 2
IsDatapathOnly: 0
HasWiredReturn: 1
HasMFsm: 2
HasVarLatency: 0
IsPipeline: 1
IsRtlPipelined: 1
IsInstanceOverlapped: 0
IsDontTouch: 0
HasImplIP: 0
IsGatedGlobalClock: 0

+ Individual pipeline summary: 
  * Pipeline-0: initiation interval (II) = 1, depth = 2


============================================================
+ Verbose Summary: Schedule
============================================================
* Number of FSM states: 2
* Pipeline: 1
  Pipeline-0: II = 1, D = 2, States = { 1 2 }
* Dataflow Pipeline: 0

* FSM state transitions: 
1 --> 
	2  / true
2 --> 
* FSM state operations: 

 <State 1>: 0.00ns
ST_1: empty (14)  [2/2] 0.00ns
.critedge:5  %empty = call { i32, i4, i4, i4, i1, i5, i5 } @_ssdm_op_Read.axis.volatile.i32P.i4P.i4P.i4P.i1P.i5P.i5P(i32* %input_data_V, i4* %input_keep_V, i4* %input_strb_V, i4* %input_user_V, i1* %input_last_V, i5* %input_id_V, i5* %input_dest_V)


 <State 2>: 2.32ns
ST_2: StgValue_4 (9)  [1/1] 0.00ns
.critedge:0  call void (...)* @_ssdm_op_SpecInterface(i32* %buf_0_V, [8 x i8]* @ap_fifo_str, i32 0, i32 0, [1 x i8]* @p_str62, i32 0, i32 0, [1 x i8]* @p_str63, [1 x i8]* @p_str64, [1 x i8]* @p_str65, i32 2, i32 2, i32 16, i32 16, [1 x i8]* @p_str66, [1 x i8]* @p_str67)

ST_2: StgValue_5 (10)  [1/1] 0.00ns
.critedge:1  call void (...)* @_ssdm_op_SpecInterface(i32* %input_data_V, i4* %input_keep_V, i4* %input_strb_V, i4* %input_user_V, i1* %input_last_V, i5* %input_id_V, i5* %input_dest_V, [5 x i8]* @p_str8, i32 1, i32 1, [5 x i8]* @p_str9, i32 0, i32 0, [1 x i8]* @p_str3, [1 x i8]* @p_str3, [1 x i8]* @p_str3, i32 0, i32 0, i32 0, i32 0, [1 x i8]* @p_str3, [1 x i8]* @p_str3)

ST_2: StgValue_6 (11)  [1/1] 0.00ns  loc: ./axi_algorithm.h:202
.critedge:2  call void (...)* @_ssdm_op_SpecLoopName([17 x i8]* @p_str12) nounwind

ST_2: tmp (12)  [1/1] 0.00ns  loc: ./axi_algorithm.h:202
.critedge:3  %tmp = call i32 (...)* @_ssdm_op_SpecRegionBegin([17 x i8]* @p_str12)

ST_2: StgValue_8 (13)  [1/1] 0.00ns  loc: ./axi_algorithm.h:203
.critedge:4  call void (...)* @_ssdm_op_SpecPipeline(i32 1, i32 1, i32 1, i32 0, [1 x i8]* @p_str3) nounwind

ST_2: empty (14)  [1/2] 0.00ns
.critedge:5  %empty = call { i32, i4, i4, i4, i1, i5, i5 } @_ssdm_op_Read.axis.volatile.i32P.i4P.i4P.i4P.i1P.i5P.i5P(i32* %input_data_V, i4* %input_keep_V, i4* %input_strb_V, i4* %input_user_V, i1* %input_last_V, i5* %input_id_V, i5* %input_dest_V)

ST_2: p_Val2_s (15)  [1/1] 0.00ns
.critedge:6  %p_Val2_s = extractvalue { i32, i4, i4, i4, i1, i5, i5 } %empty, 0

ST_2: StgValue_11 (16)  [1/1] 2.32ns  loc: ./axi_algorithm.h:205
.critedge:7  call void @_ssdm_op_Write.ap_fifo.i32P(i32* %buf_0_V, i32 %p_Val2_s)

ST_2: empty_14 (17)  [1/1] 0.00ns  loc: ./axi_algorithm.h:206
.critedge:8  %empty_14 = call i32 (...)* @_ssdm_op_SpecRegionEnd([17 x i8]* @p_str12, i32 %tmp)

ST_2: StgValue_13 (18)  [1/1] 0.00ns  loc: ./axi_algorithm.h:207
.critedge:9  ret void



============================================================
+ Verbose Summary: Binding
============================================================
STG Binding: 
---------------- STG Properties BEGIN ----------------
- Is combinational: 0
- Is one-state seq: 0
- Is datapath-only: 0
- Is pipelined: 1
- Is top level: 0
Port [ Return ] is wired: 1; IO mode=ap_ctrl_hs:ce=0
Port [ input_data_V]:  wired=1; compound=1; hidden=0; nouse=0; global=0; static=0; extern=0; dir=0; type=0; pingpong=0; private_global=0; IO mode=axis:ce=0
Port [ input_keep_V]:  wired=1; compound=1; hidden=0; nouse=0; global=0; static=0; extern=0; dir=0; type=0; pingpong=0; private_global=0; IO mode=axis:ce=0
Port [ input_strb_V]:  wired=1; compound=1; hidden=0; nouse=0; global=0; static=0; extern=0; dir=0; type=0; pingpong=0; private_global=0; IO mode=axis:ce=0
Port [ input_user_V]:  wired=1; compound=1; hidden=0; nouse=0; global=0; static=0; extern=0; dir=0; type=0; pingpong=0; private_global=0; IO mode=axis:ce=0
Port [ input_last_V]:  wired=1; compound=1; hidden=0; nouse=0; global=0; static=0; extern=0; dir=0; type=0; pingpong=0; private_global=0; IO mode=axis:ce=0
Port [ input_id_V]:  wired=1; compound=1; hidden=0; nouse=0; global=0; static=0; extern=0; dir=0; type=0; pingpong=0; private_global=0; IO mode=axis:ce=0
Port [ input_dest_V]:  wired=1; compound=1; hidden=0; nouse=0; global=0; static=0; extern=0; dir=0; type=0; pingpong=0; private_global=0; IO mode=axis:ce=0
Port [ buf_0_V]:  wired=1; compound=1; hidden=0; nouse=0; global=0; static=0; extern=0; dir=1; type=3; pingpong=0; private_global=0; IO mode=ap_fifo:ce=0
---------------- STG Properties END ------------------

---------------- Datapath Model BEGIN ----------------

<LifeTime>
<method=bitvector/>
StgValue_4  (specinterface  ) [ 000]
StgValue_5  (specinterface  ) [ 000]
StgValue_6  (specloopname   ) [ 000]
tmp         (specregionbegin) [ 000]
StgValue_8  (specpipeline   ) [ 000]
empty       (read           ) [ 000]
p_Val2_s    (extractvalue   ) [ 000]
StgValue_11 (write          ) [ 000]
empty_14    (specregionend  ) [ 000]
StgValue_13 (ret            ) [ 000]
</LifeTime>

<model>

<comp_list>
<comp id="0" class="1000" name="input_data_V">
<pin_list>
<pin id="1" dir="1" index="0" bw="1" slack="0"/>
</pin_list>
<bind>
<StgValue><ssdm name="input_data_V"/></StgValue>
</bind>
</comp>

<comp id="2" class="1000" name="input_keep_V">
<pin_list>
<pin id="3" dir="1" index="0" bw="1" slack="0"/>
</pin_list>
<bind>
<StgValue><ssdm name="input_keep_V"/></StgValue>
</bind>
</comp>

<comp id="4" class="1000" name="input_strb_V">
<pin_list>
<pin id="5" dir="1" index="0" bw="1" slack="0"/>
</pin_list>
<bind>
<StgValue><ssdm name="input_strb_V"/></StgValue>
</bind>
</comp>

<comp id="6" class="1000" name="input_user_V">
<pin_list>
<pin id="7" dir="1" index="0" bw="1" slack="0"/>
</pin_list>
<bind>
<StgValue><ssdm name="input_user_V"/></StgValue>
</bind>
</comp>

<comp id="8" class="1000" name="input_last_V">
<pin_list>
<pin id="9" dir="1" index="0" bw="1" slack="0"/>
</pin_list>
<bind>
<StgValue><ssdm name="input_last_V"/></StgValue>
</bind>
</comp>

<comp id="10" class="1000" name="input_id_V">
<pin_list>
<pin id="11" dir="1" index="0" bw="1" slack="0"/>
</pin_list>
<bind>
<StgValue><ssdm name="input_id_V"/></StgValue>
</bind>
</comp>

<comp id="12" class="1000" name="input_dest_V">
<pin_list>
<pin id="13" dir="1" index="0" bw="1" slack="0"/>
</pin_list>
<bind>
<StgValue><ssdm name="input_dest_V"/></StgValue>
</bind>
</comp>

<comp id="14" class="1000" name="buf_0_V">
<pin_list>
<pin id="15" dir="1" index="0" bw="1" slack="0"/>
</pin_list>
<bind>
<StgValue><ssdm name="buf_0_V"/></StgValue>
</bind>
</comp>

<comp id="16" class="1001" name="const_16">
<pin_list>
<pin id="17" dir="1" index="0" bw="1" slack="0"/>
</pin_list>
<bind>
<StgValue><ssdm name="_ssdm_op_Read.axis.volatile.i32P.i4P.i4P.i4P.i1P.i5P.i5P"/></StgValue>
</bind>
</comp>

<comp id="18" class="1001" name="const_18">
<pin_list>
<pin id="19" dir="1" index="0" bw="1" slack="2147483647"/>
</pin_list>
<bind>
<StgValue><ssdm name="_ssdm_op_SpecInterface"/></StgValue>
</bind>
</comp>

<comp id="20" class="1001" name="const_20">
<pin_list>
<pin id="21" dir="1" index="0" bw="1" slack="2147483647"/>
</pin_list>
<bind>
<StgValue><ssdm name="ap_fifo_str"/></StgValue>
</bind>
</comp>

<comp id="22" class="1001" name="const_22">
<pin_list>
<pin id="23" dir="1" index="0" bw="1" slack="2147483647"/>
</pin_list>
<bind>
<StgValue><ssdm name=""/></StgValue>
</bind>
</comp>

<comp id="24" class="1001" name="const_24">
<pin_list>
<pin id="25" dir="1" index="0" bw="1" slack="2147483647"/>
</pin_list>
<bind>
<StgValue><ssdm name="p_str62"/></StgValue>
</bind>
</comp>

<comp id="26" class="1001" name="const_26">
<pin_list>
<pin id="27" dir="1" index="0" bw="1" slack="2147483647"/>
</pin_list>
<bind>
<StgValue><ssdm name="p_str63"/></StgValue>
</bind>
</comp>

<comp id="28" class="1001" name="const_28">
<pin_list>
<pin id="29" dir="1" index="0" bw="1" slack="2147483647"/>
</pin_list>
<bind>
<StgValue><ssdm name="p_str64"/></StgValue>
</bind>
</comp>

<comp id="30" class="1001" name="const_30">
<pin_list>
<pin id="31" dir="1" index="0" bw="1" slack="2147483647"/>
</pin_list>
<bind>
<StgValue><ssdm name="p_str65"/></StgValue>
</bind>
</comp>

<comp id="32" class="1001" name="const_32">
<pin_list>
<pin id="33" dir="1" index="0" bw="1" slack="2147483647"/>
</pin_list>
<bind>
<StgValue><ssdm name=""/></StgValue>
</bind>
</comp>

<comp id="34" class="1001" name="const_34">
<pin_list>
<pin id="35" dir="1" index="0" bw="1" slack="2147483647"/>
</pin_list>
<bind>
<StgValue><ssdm name=""/></StgValue>
</bind>
</comp>

<comp id="36" class="1001" name="const_36">
<pin_list>
<pin id="37" dir="1" index="0" bw="1" slack="2147483647"/>
</pin_list>
<bind>
<StgValue><ssdm name="p_str66"/></StgValue>
</bind>
</comp>

<comp id="38" class="1001" name="const_38">
<pin_list>
<pin id="39" dir="1" index="0" bw="1" slack="2147483647"/>
</pin_list>
<bind>
<StgValue><ssdm name="p_str67"/></StgValue>
</bind>
</comp>

<comp id="40" class="1001" name="const_40">
<pin_list>
<pin id="41" dir="1" index="0" bw="1" slack="2147483647"/>
</pin_list>
<bind>
<StgValue><ssdm name="p_str8"/></StgValue>
</bind>
</comp>

<comp id="42" class="1001" name="const_42">
<pin_list>
<pin id="43" dir="1" index="0" bw="1" slack="2147483647"/>
</pin_list>
<bind>
<StgValue><ssdm name=""/></StgValue>
</bind>
</comp>

<comp id="44" class="1001" name="const_44">
<pin_list>
<pin id="45" dir="1" index="0" bw="1" slack="2147483647"/>
</pin_list>
<bind>
<StgValue><ssdm name="p_str9"/></StgValue>
</bind>
</comp>

<comp id="46" class="1001" name="const_46">
<pin_list>
<pin id="47" dir="1" index="0" bw="1" slack="2147483647"/>
</pin_list>
<bind>
<StgValue><ssdm name="p_str3"/></StgValue>
</bind>
</comp>

<comp id="48" class="1001" name="const_48">
<pin_list>
<pin id="49" dir="1" index="0" bw="1" slack="2147483647"/>
</pin_list>
<bind>
<StgValue><ssdm name="_ssdm_op_SpecLoopName"/></StgValue>
</bind>
</comp>

<comp id="50" class="1001" name="const_50">
<pin_list>
<pin id="51" dir="1" index="0" bw="1" slack="2147483647"/>
</pin_list>
<bind>
<StgValue><ssdm name="p_str12"/></StgValue>
</bind>
</comp>

<comp id="52" class="1001" name="const_52">
<pin_list>
<pin id="53" dir="1" index="0" bw="1" slack="2147483647"/>
</pin_list>
<bind>
<StgValue><ssdm name="_ssdm_op_SpecRegionBegin"/></StgValue>
</bind>
</comp>

<comp id="54" class="1001" name="const_54">
<pin_list>
<pin id="55" dir="1" index="0" bw="1" slack="2147483647"/>
</pin_list>
<bind>
<StgValue><ssdm name="_ssdm_op_SpecPipeline"/></StgValue>
</bind>
</comp>

<comp id="56" class="1001" name="const_56">
<pin_list>
<pin id="57" dir="1" index="0" bw="1" slack="0"/>
</pin_list>
<bind>
<StgValue><ssdm name="_ssdm_op_Write.ap_fifo.i32P"/></StgValue>
</bind>
</comp>

<comp id="58" class="1001" name="const_58">
<pin_list>
<pin id="59" dir="1" index="0" bw="1" slack="2147483647"/>
</pin_list>
<bind>
<StgValue><ssdm name="_ssdm_op_SpecRegionEnd"/></StgValue>
</bind>
</comp>

<comp id="60" class="1004" name="grp_read_fu_60">
<pin_list>
<pin id="61" dir="0" index="0" bw="55" slack="0"/>
<pin id="62" dir="0" index="1" bw="32" slack="0"/>
<pin id="63" dir="0" index="2" bw="4" slack="0"/>
<pin id="64" dir="0" index="3" bw="4" slack="0"/>
<pin id="65" dir="0" index="4" bw="4" slack="0"/>
<pin id="66" dir="0" index="5" bw="1" slack="0"/>
<pin id="67" dir="0" index="6" bw="5" slack="0"/>
<pin id="68" dir="0" index="7" bw="5" slack="0"/>
<pin id="69" dir="1" index="8" bw="55" slack="0"/>
</pin_list>
<bind>
<opcode="read(1150) " fcode="read"/>
<opset="empty/1 "/>
</bind>
</comp>

<comp id="78" class="1004" name="StgValue_11_write_fu_78">
<pin_list>
<pin id="79" dir="0" index="0" bw="0" slack="0"/>
<pin id="80" dir="0" index="1" bw="32" slack="0"/>
<pin id="81" dir="0" index="2" bw="32" slack="0"/>
<pin id="82" dir="1" index="3" bw="0" slack="2147483647"/>
</pin_list>
<bind>
<opcode="write(1151) " fcode="write"/>
<opset="StgValue_11/2 "/>
</bind>
</comp>

<comp id="85" class="1004" name="p_Val2_s_fu_85">
<pin_list>
<pin id="86" dir="0" index="0" bw="55" slack="0"/>
<pin id="87" dir="1" index="1" bw="32" slack="0"/>
</pin_list>
<bind>
<opcode="extractvalue(56) " fcode="extractvalue"/>
<opset="p_Val2_s/2 "/>
</bind>
</comp>

</comp_list>

<net_list>
<net id="70"><net_src comp="16" pin="0"/><net_sink comp="60" pin=0"/></net>

<net id="71"><net_src comp="0" pin="0"/><net_sink comp="60" pin=1"/></net>

<net id="72"><net_src comp="2" pin="0"/><net_sink comp="60" pin=2"/></net>

<net id="73"><net_src comp="4" pin="0"/><net_sink comp="60" pin=3"/></net>

<net id="74"><net_src comp="6" pin="0"/><net_sink comp="60" pin=4"/></net>

<net id="75"><net_src comp="8" pin="0"/><net_sink comp="60" pin=5"/></net>

<net id="76"><net_src comp="10" pin="0"/><net_sink comp="60" pin=6"/></net>

<net id="77"><net_src comp="12" pin="0"/><net_sink comp="60" pin=7"/></net>

<net id="83"><net_src comp="56" pin="0"/><net_sink comp="78" pin=0"/></net>

<net id="84"><net_src comp="14" pin="0"/><net_sink comp="78" pin=1"/></net>

<net id="88"><net_src comp="60" pin="8"/><net_sink comp="85" pin=0"/></net>

<net id="89"><net_src comp="85" pin="1"/><net_sink comp="78" pin=2"/></net>

</net_list>

</model> 
---------------- Datapath Model END ------------------

* FSMD analyzer results:
  - Output states:
	Port: buf_0_V | {2 }
 - Input state : 
	Port: read_data : input_data_V | {1 }
	Port: read_data : input_keep_V | {1 }
	Port: read_data : input_strb_V | {1 }
	Port: read_data : input_user_V | {1 }
	Port: read_data : input_last_V | {1 }
	Port: read_data : input_id_V | {1 }
	Port: read_data : input_dest_V | {1 }
  - Chain level:
	State 1
	State 2
		StgValue_11 : 1
		empty_14 : 1


============================================================
+ Verbose Summary: Datapath Resource usage 
============================================================

* Functional unit list:
|----------|-------------------------|
| Operation|     Functional Unit     |
|----------|-------------------------|
|   read   |      grp_read_fu_60     |
|----------|-------------------------|
|   write  | StgValue_11_write_fu_78 |
|----------|-------------------------|
|extractvalue|      p_Val2_s_fu_85     |
|----------|-------------------------|
|   Total  |                         |
|----------|-------------------------|

Memories:
N/A

* Register list:
N/A

* Multiplexer (MUX) list: 
|--------|------|------|------|--------|
|  Comp  |  Pin | Size |  BW  | S x BW |
|--------|------|------|------|--------|
|  Total |      |      |      |    0   |
|--------|------|------|------|--------|



* Summary:
+-----------+
|           |
+-----------+
|  Function |
|   Memory  |
|Multiplexer|
|  Register |
+-----------+
|   Total   |
+-----------+
