

================================================================
== Vivado HLS Report for 'goertzelInterno_simp'
================================================================
* Date:           Tue Jul 14 13:29:09 2020

* Version:        2017.1 (Build 1846317 on Fri Apr 14 19:19:38 MDT 2017)
* Project:        ALG
* Solution:       solution22
* Product family: zynq
* Target device:  xc7z020clg484-1


================================================================
== Performance Estimates
================================================================
+ Timing (ns): 
    * Summary: 
    +--------+-------+----------+------------+
    |  Clock | Target| Estimated| Uncertainty|
    +--------+-------+----------+------------+
    |ap_clk  |  10.00|      8.62|        1.25|
    +--------+-------+----------+------------+

+ Latency (clock cycles): 
    * Summary: 
    +-------+-------+-------+-------+---------+
    |    Latency    |    Interval   | Pipeline|
    |  min  |  max  |  min  |  max  |   Type  |
    +-------+-------+-------+-------+---------+
    |  14340|  14340|  14340|  14340|   none  |
    +-------+-------+-------+-------+---------+

    + Detail: 
        * Instance: 
        N/A

        * Loop: 
        +----------+-------+-------+----------+-----------+-----------+------+----------+
        |          |    Latency    | Iteration|  Initiation Interval  | Trip |          |
        | Loop Name|  min  |  max  |  Latency |  achieved |   target  | Count| Pipelined|
        +----------+-------+-------+----------+-----------+-----------+------+----------+
        |- lg1     |  14329|  14329|         7|          -|          -|  2047|    no    |
        +----------+-------+-------+----------+-----------+-----------+------+----------+



================================================================
== Utilization Estimates
================================================================
* Summary: 
+-----------------+---------+-------+--------+-------+
|       Name      | BRAM_18K| DSP48E|   FF   |  LUT  |
+-----------------+---------+-------+--------+-------+
|DSP              |        -|      -|       -|      -|
|Expression       |        -|      -|       0|    741|
|FIFO             |        -|      -|       -|      -|
|Instance         |        -|     16|     441|    256|
|Memory           |        0|      -|      61|      8|
|Multiplexer      |        -|      -|       -|    171|
|Register         |        -|      -|     659|      -|
+-----------------+---------+-------+--------+-------+
|Total            |        0|     16|    1161|   1176|
+-----------------+---------+-------+--------+-------+
|Available        |      280|    220|  106400|  53200|
+-----------------+---------+-------+--------+-------+
|Utilization (%)  |        0|      7|       1|      2|
+-----------------+---------+-------+--------+-------+

+ Detail: 
    * Instance: 
    +--------------------------+----------------------+---------+-------+-----+-----+
    |         Instance         |        Module        | BRAM_18K| DSP48E|  FF | LUT |
    +--------------------------+----------------------+---------+-------+-----+-----+
    |goertzel_algoritheOg_U11  |goertzel_algoritheOg  |        0|     16|  441|  256|
    +--------------------------+----------------------+---------+-------+-----+-----+
    |Total                     |                      |        0|     16|  441|  256|
    +--------------------------+----------------------+---------+-------+-----+-----+

    * DSP48: 
    N/A

    * Memory: 
    +------------------+----------------------+---------+----+----+------+-----+------+-------------+
    |      Memory      |        Module        | BRAM_18K| FF | LUT| Words| Bits| Banks| W*Bits*Banks|
    +------------------+----------------------+---------+----+----+------+-----+------+-------------+
    |REAL_PARTE_W_V_U  |goertzelInterno_scud  |        0|  30|   4|     8|   30|     1|          240|
    |IMAGINARIO_W_V_U  |goertzelInterno_sdEe  |        0|  31|   4|     8|   31|     1|          248|
    +------------------+----------------------+---------+----+----+------+-----+------+-------------+
    |Total             |                      |        0|  61|   8|    16|   61|     2|          488|
    +------------------+----------------------+---------+----+----+------+-----+------+-------------+

    * FIFO: 
    N/A

    * Expression: 
    +-----------------------+----------+-------+---+----+------------+------------+
    |     Variable Name     | Operation| DSP48E| FF| LUT| Bitwidth P0| Bitwidth P1|
    +-----------------------+----------+-------+---+----+------------+------------+
    |i_1_fu_224_p2          |     +    |      0|  0|  18|          11|           1|
    |p_Val2_12_fu_723_p2    |     +    |      0|  0|  39|          32|          32|
    |p_Val2_15_fu_650_p2    |     +    |      0|  0|  71|          64|          64|
    |p_Val2_17_fu_754_p2    |     +    |      0|  0|  39|          32|          32|
    |p_Val2_20_fu_345_p2    |     +    |      0|  0|  71|          64|          64|
    |p_Val2_2_fu_429_p2     |     +    |      0|  0|  71|          64|          64|
    |p_Val2_5_fu_256_p2     |     +    |      0|  0|  98|          98|          98|
    |p_Val2_9_fu_502_p2     |     +    |      0|  0|  39|          32|          32|
    |p_Val2_10_fu_571_p2    |     -    |      0|  0|  71|          64|          64|
    |p_Val2_7_fu_274_p2     |     -    |      0|  0|  98|          98|          98|
    |qb_assign_1_fu_335_p2  |    and   |      0|  0|   2|           1|           1|
    |qb_assign_2_fu_493_p2  |    and   |      0|  0|   2|           1|           1|
    |qb_assign_3_fu_714_p2  |    and   |      0|  0|   2|           1|           1|
    |qb_assign_4_fu_641_p2  |    and   |      0|  0|   2|           1|           1|
    |qb_assign_5_fu_745_p2  |    and   |      0|  0|   2|           1|           1|
    |qb_assign_fu_420_p2    |    and   |      0|  0|   2|           1|           1|
    |exitcond_fu_218_p2     |   icmp   |      0|  0|   6|          11|           2|
    |tmp_10_fu_471_p2       |   icmp   |      0|  0|  16|          31|           1|
    |tmp_18_fu_329_p2       |   icmp   |      0|  0|  16|          31|           1|
    |tmp_21_fu_613_p2       |   icmp   |      0|  0|  16|          31|           1|
    |tmp_28_fu_554_p2       |   icmp   |      0|  0|  16|          31|           1|
    |tmp_34_fu_692_p2       |   icmp   |      0|  0|  16|          31|           1|
    |tmp_6_fu_396_p2        |   icmp   |      0|  0|  16|          31|           1|
    |tmp_16_fu_589_p2       |    or    |      0|  0|   2|           1|           1|
    |tmp_24_fu_530_p2       |    or    |      0|  0|   2|           1|           1|
    |tmp_30_fu_668_p2       |    or    |      0|  0|   2|           1|           1|
    |tmp_36_fu_306_p2       |    or    |      0|  0|   2|           1|           1|
    |tmp_3_fu_372_p2        |    or    |      0|  0|   2|           1|           1|
    |tmp_s_fu_447_p2        |    or    |      0|  0|   2|           1|           1|
    +-----------------------+----------+-------+---+----+------------+------------+
    |Total                  |          |      0|  0| 741|         768|         569|
    +-----------------------+----------+-------+---+----+------------+------------+

    * Multiplexer: 
    +-------------------+----+-----------+-----+-----------+
    |        Name       | LUT| Input Size| Bits| Total Bits|
    +-------------------+----+-----------+-----+-----------+
    |ap_NS_fsm          |  93|         19|    1|         19|
    |aux_array_V_blk_n  |   9|          2|    1|          2|
    |d2_V_reg_160       |   9|          2|   64|        128|
    |grp_fu_184_p0      |  21|          4|   64|        256|
    |grp_fu_184_p1      |  21|          4|   64|        256|
    |i_reg_173          |   9|          2|   11|         22|
    |p_Val2_6_reg_148   |   9|          2|   64|        128|
    +-------------------+----+-----------+-----+-----------+
    |Total              | 171|         35|  269|        811|
    +-------------------+----+-----------+-----+-----------+

    * Register: 
    +-----------------------------+----+----+-----+-----------+
    |             Name            | FF | LUT| Bits| Const Bits|
    +-----------------------------+----+----+-----+-----------+
    |IMAGINARIO_W_V_load_reg_825  |  31|   0|   31|          0|
    |OP1_V_1_cast_reg_782         |  33|   0|   97|         64|
    |ap_CS_fsm                    |  18|   0|   18|          0|
    |d2_V_reg_160                 |  64|   0|   64|          0|
    |i_1_reg_791                  |  11|   0|   11|          0|
    |i_reg_173                    |  11|   0|   11|          0|
    |indiceK_cast1_reg_772        |   4|   0|   32|         28|
    |p_Val2_10_reg_866            |  64|   0|   64|          0|
    |p_Val2_15_reg_877            |  64|   0|   64|          0|
    |p_Val2_2_reg_845             |  64|   0|   64|          0|
    |p_Val2_6_reg_148             |  64|   0|   64|          0|
    |p_Val2_7_reg_811             |  98|   0|   98|          0|
    |reg_201                      |  97|   0|   97|          0|
    |tmp_10_reg_851               |   1|   0|    1|          0|
    |tmp_13_reg_856               |  31|   0|   31|          0|
    |tmp_21_reg_872               |   1|   0|    1|          0|
    |tmp_28_reg_861               |   1|   0|    1|          0|
    |tmp_34_reg_883               |   1|   0|    1|          0|
    |tmp_6_reg_840                |   1|   0|    1|          0|
    +-----------------------------+----+----+-----+-----------+
    |Total                        | 659|   0|  751|         92|
    +-----------------------------+----+----+-----+-----------+



================================================================
== Interface
================================================================
* Summary: 
+---------------------+-----+-----+------------+----------------------+--------------+
|      RTL Ports      | Dir | Bits|  Protocol  |     Source Object    |    C Type    |
+---------------------+-----+-----+------------+----------------------+--------------+
|ap_clk               |  in |    1| ap_ctrl_hs | goertzelInterno_simp | return value |
|ap_rst               |  in |    1| ap_ctrl_hs | goertzelInterno_simp | return value |
|ap_start             |  in |    1| ap_ctrl_hs | goertzelInterno_simp | return value |
|ap_done              | out |    1| ap_ctrl_hs | goertzelInterno_simp | return value |
|ap_idle              | out |    1| ap_ctrl_hs | goertzelInterno_simp | return value |
|ap_ready             | out |    1| ap_ctrl_hs | goertzelInterno_simp | return value |
|ap_return_0          | out |   32| ap_ctrl_hs | goertzelInterno_simp | return value |
|ap_return_1          | out |   32| ap_ctrl_hs | goertzelInterno_simp | return value |
|indiceK              |  in |    4|   ap_none  |        indiceK       |    scalar    |
|aux_array_V_dout     |  in |   32|   ap_fifo  |      aux_array_V     |    pointer   |
|aux_array_V_empty_n  |  in |    1|   ap_fifo  |      aux_array_V     |    pointer   |
|aux_array_V_read     | out |    1|   ap_fifo  |      aux_array_V     |    pointer   |
+---------------------+-----+-----+------------+----------------------+--------------+

