

================================================================
== Vivado HLS Report for 'read_data'
================================================================
* Date:           Mon Feb  1 13:51:17 2021

* Version:        2017.1 (Build 1846317 on Fri Apr 14 19:19:38 MDT 2017)
* Project:        dato2moment
* Solution:       solution1
* Product family: zynq
* Target device:  xc7z020clg484-1


================================================================
== Performance Estimates
================================================================
+ Timing (ns): 
    * Summary: 
    +--------+-------+----------+------------+
    |  Clock | Target| Estimated| Uncertainty|
    +--------+-------+----------+------------+
    |ap_clk  |  10.00|      4.14|        1.25|
    +--------+-------+----------+------------+

+ Latency (clock cycles): 
    * Summary: 
    +-----+-----+-----+-----+---------+
    |  Latency  |  Interval | Pipeline|
    | min | max | min | max |   Type  |
    +-----+-----+-----+-----+---------+
    |    6|    6|    6|    6|   none  |
    +-----+-----+-----+-----+---------+

    + Detail: 
        * Instance: 
        N/A

        * Loop: 
        +--------------------+-----+-----+----------+-----------+-----------+------+----------+
        |                    |  Latency  | Iteration|  Initiation Interval  | Trip |          |
        |      Loop Name     | min | max |  Latency |  achieved |   target  | Count| Pipelined|
        +--------------------+-----+-----+----------+-----------+-----------+------+----------+
        |- RD_Loop_Into_Buf  |    4|    4|         2|          1|          1|     4|    yes   |
        +--------------------+-----+-----+----------+-----------+-----------+------+----------+

============================================================
+ Verbose Summary: Synthesis Manager
============================================================
InlineROM: 1
ExposeGlobal: 0
============================================================
+ Verbose Summary: CDFG Model
============================================================
IsTopModel: 0
ResetActiveHigh: 1
IsCombinational: 2
IsDatapathOnly: 0
HasWiredReturn: 1
HasMFsm: 0
HasVarLatency: 1
IsPipeline: 0
IsRtlPipelined: 0
IsInstanceOverlapped: 0
IsDontTouch: 0
HasImplIP: 0
IsGatedGlobalClock: 0

+ Individual pipeline summary: 
  * Pipeline-0: initiation interval (II) = 1, depth = 2


============================================================
+ Verbose Summary: Schedule
============================================================
* Number of FSM states: 4
* Pipeline: 1
  Pipeline-0: II = 1, D = 2, States = { 2 3 }
* Dataflow Pipeline: 0

* FSM state transitions: 
1 --> 
	2  / true
2 --> 
	4  / (tmp)
	3  / (!tmp)
3 --> 
	2  / true
4 --> 
* FSM state operations: 

 <State 1>: 1.77ns
ST_1: StgValue_5 (9)  [1/1] 0.00ns
:0  call void (...)* @_ssdm_op_SpecInterface(i32* %input_data_V, i4* %input_keep_V, i4* %input_strb_V, i4* %input_user_V, i1* %input_last_V, i5* %input_id_V, i5* %input_dest_V, [5 x i8]* @p_str, i32 1, i32 1, [5 x i8]* @p_str1, i32 0, i32 0, [1 x i8]* @p_str2, [1 x i8]* @p_str2, [1 x i8]* @p_str2, i32 0, i32 0, i32 0, i32 0, [1 x i8]* @p_str2, [1 x i8]* @p_str2)

ST_1: StgValue_6 (10)  [1/1] 1.77ns  loc: ./axi_algorithm.h:159
:1  br label %1


 <State 2>: 4.14ns
ST_2: i (12)  [1/1] 0.00ns
:0  %i = phi i3 [ 0, %0 ], [ %i_1, %2 ]

ST_2: tmp (13)  [1/1] 2.07ns  loc: ./axi_algorithm.h:159
:1  %tmp = icmp eq i3 %i, -4

ST_2: i_1 (14)  [1/1] 2.53ns  loc: ./axi_algorithm.h:159
:2  %i_1 = add i3 %i, 1

ST_2: StgValue_10 (15)  [1/1] 0.00ns  loc: ./axi_algorithm.h:159
:3  br i1 %tmp, label %3, label %2

ST_2: empty_2 (22)  [2/2] 0.00ns
:5  %empty_2 = call { i32, i4, i4, i4, i1, i5, i5 } @_ssdm_op_Read.axis.volatile.i32P.i4P.i4P.i4P.i1P.i5P.i5P(i32* %input_data_V, i4* %input_keep_V, i4* %input_strb_V, i4* %input_user_V, i1* %input_last_V, i5* %input_id_V, i5* %input_dest_V)


 <State 3>: 2.32ns
ST_3: empty (17)  [1/1] 0.00ns
:0  %empty = call i32 (...)* @_ssdm_op_SpecLoopTripCount(i64 4, i64 4, i64 4)

ST_3: StgValue_13 (18)  [1/1] 0.00ns  loc: ./axi_algorithm.h:160
:1  call void (...)* @_ssdm_op_SpecLoopName([17 x i8]* @p_str6) nounwind

ST_3: tmp_2 (19)  [1/1] 0.00ns  loc: ./axi_algorithm.h:160
:2  %tmp_2 = call i32 (...)* @_ssdm_op_SpecRegionBegin([17 x i8]* @p_str6)

ST_3: StgValue_15 (20)  [1/1] 0.00ns  loc: ./axi_algorithm.h:161
:3  call void (...)* @_ssdm_op_SpecPipeline(i32 1, i32 1, i32 1, i32 0, [1 x i8]* @p_str2) nounwind

ST_3: tmp_1 (21)  [1/1] 0.00ns  loc: ./axi_algorithm.h:162
:4  %tmp_1 = zext i3 %i to i32

ST_3: empty_2 (22)  [1/2] 0.00ns
:5  %empty_2 = call { i32, i4, i4, i4, i1, i5, i5 } @_ssdm_op_Read.axis.volatile.i32P.i4P.i4P.i4P.i1P.i5P.i5P(i32* %input_data_V, i4* %input_keep_V, i4* %input_strb_V, i4* %input_user_V, i1* %input_last_V, i5* %input_id_V, i5* %input_dest_V)

ST_3: p_Val2_s (23)  [1/1] 0.00ns
:6  %p_Val2_s = extractvalue { i32, i4, i4, i4, i1, i5, i5 } %empty_2, 0

ST_3: buf_V_addr (24)  [1/1] 0.00ns  loc: ./axi_algorithm.h:162
:7  %buf_V_addr = getelementptr [4 x i32]* %buf_V, i32 0, i32 %tmp_1

ST_3: StgValue_20 (25)  [1/1] 2.32ns  loc: ./axi_algorithm.h:162
:8  store i32 %p_Val2_s, i32* %buf_V_addr, align 4

ST_3: empty_3 (26)  [1/1] 0.00ns  loc: ./axi_algorithm.h:163
:9  %empty_3 = call i32 (...)* @_ssdm_op_SpecRegionEnd([17 x i8]* @p_str6, i32 %tmp_2)

ST_3: StgValue_22 (27)  [1/1] 0.00ns  loc: ./axi_algorithm.h:159
:10  br label %1


 <State 4>: 0.00ns
ST_4: StgValue_23 (29)  [1/1] 0.00ns  loc: ./axi_algorithm.h:164
:0  ret void



============================================================
+ Verbose Summary: Binding
============================================================
STG Binding: 
---------------- STG Properties BEGIN ----------------
- Is combinational: 0
- Is one-state seq: 0
- Is datapath-only: 0
- Is pipelined: 0
- Is top level: 0
Port [ Return ] is wired: 1; IO mode=ap_ctrl_hs:ce=0
Port [ input_data_V]:  wired=1; compound=1; hidden=0; nouse=0; global=0; static=0; extern=0; dir=0; type=0; pingpong=0; private_global=0; IO mode=axis:ce=0
Port [ input_keep_V]:  wired=1; compound=1; hidden=0; nouse=0; global=0; static=0; extern=0; dir=0; type=0; pingpong=0; private_global=0; IO mode=axis:ce=0
Port [ input_strb_V]:  wired=1; compound=1; hidden=0; nouse=0; global=0; static=0; extern=0; dir=0; type=0; pingpong=0; private_global=0; IO mode=axis:ce=0
Port [ input_user_V]:  wired=1; compound=1; hidden=0; nouse=0; global=0; static=0; extern=0; dir=0; type=0; pingpong=0; private_global=0; IO mode=axis:ce=0
Port [ input_last_V]:  wired=1; compound=1; hidden=0; nouse=0; global=0; static=0; extern=0; dir=0; type=0; pingpong=0; private_global=0; IO mode=axis:ce=0
Port [ input_id_V]:  wired=1; compound=1; hidden=0; nouse=0; global=0; static=0; extern=0; dir=0; type=0; pingpong=0; private_global=0; IO mode=axis:ce=0
Port [ input_dest_V]:  wired=1; compound=1; hidden=0; nouse=0; global=0; static=0; extern=0; dir=0; type=0; pingpong=0; private_global=0; IO mode=axis:ce=0
Port [ buf_V]:  wired=1; compound=1; hidden=0; nouse=0; global=0; static=0; extern=0; dir=1; type=1; pingpong=1; private_global=0; MemPort=[03]; IO mode=ap_memory:ce=0
---------------- STG Properties END ------------------

---------------- Datapath Model BEGIN ----------------

<LifeTime>
<method=bitvector/>
StgValue_5  (specinterface    ) [ 00000]
StgValue_6  (br               ) [ 01110]
i           (phi              ) [ 00110]
tmp         (icmp             ) [ 00110]
i_1         (add              ) [ 01110]
StgValue_10 (br               ) [ 00000]
empty       (speclooptripcount) [ 00000]
StgValue_13 (specloopname     ) [ 00000]
tmp_2       (specregionbegin  ) [ 00000]
StgValue_15 (specpipeline     ) [ 00000]
tmp_1       (zext             ) [ 00000]
empty_2     (read             ) [ 00000]
p_Val2_s    (extractvalue     ) [ 00000]
buf_V_addr  (getelementptr    ) [ 00000]
StgValue_20 (store            ) [ 00000]
empty_3     (specregionend    ) [ 00000]
StgValue_22 (br               ) [ 01110]
StgValue_23 (ret              ) [ 00000]
</LifeTime>

<model>

<comp_list>
<comp id="0" class="1000" name="input_data_V">
<pin_list>
<pin id="1" dir="1" index="0" bw="1" slack="0"/>
</pin_list>
<bind>
<StgValue><ssdm name="input_data_V"/></StgValue>
</bind>
</comp>

<comp id="2" class="1000" name="input_keep_V">
<pin_list>
<pin id="3" dir="1" index="0" bw="1" slack="0"/>
</pin_list>
<bind>
<StgValue><ssdm name="input_keep_V"/></StgValue>
</bind>
</comp>

<comp id="4" class="1000" name="input_strb_V">
<pin_list>
<pin id="5" dir="1" index="0" bw="1" slack="0"/>
</pin_list>
<bind>
<StgValue><ssdm name="input_strb_V"/></StgValue>
</bind>
</comp>

<comp id="6" class="1000" name="input_user_V">
<pin_list>
<pin id="7" dir="1" index="0" bw="1" slack="0"/>
</pin_list>
<bind>
<StgValue><ssdm name="input_user_V"/></StgValue>
</bind>
</comp>

<comp id="8" class="1000" name="input_last_V">
<pin_list>
<pin id="9" dir="1" index="0" bw="1" slack="0"/>
</pin_list>
<bind>
<StgValue><ssdm name="input_last_V"/></StgValue>
</bind>
</comp>

<comp id="10" class="1000" name="input_id_V">
<pin_list>
<pin id="11" dir="1" index="0" bw="1" slack="0"/>
</pin_list>
<bind>
<StgValue><ssdm name="input_id_V"/></StgValue>
</bind>
</comp>

<comp id="12" class="1000" name="input_dest_V">
<pin_list>
<pin id="13" dir="1" index="0" bw="1" slack="0"/>
</pin_list>
<bind>
<StgValue><ssdm name="input_dest_V"/></StgValue>
</bind>
</comp>

<comp id="14" class="1000" name="buf_V">
<pin_list>
<pin id="15" dir="1" index="0" bw="1" slack="0"/>
</pin_list>
<bind>
<StgValue><ssdm name="buf_V"/><MemPortTyVec>0 3 </MemPortTyVec>
</StgValue>
</bind>
</comp>

<comp id="16" class="1001" name="const_16">
<pin_list>
<pin id="17" dir="1" index="0" bw="1" slack="2147483647"/>
</pin_list>
<bind>
<StgValue><ssdm name="_ssdm_op_SpecInterface"/></StgValue>
</bind>
</comp>

<comp id="18" class="1001" name="const_18">
<pin_list>
<pin id="19" dir="1" index="0" bw="1" slack="2147483647"/>
</pin_list>
<bind>
<StgValue><ssdm name="p_str"/></StgValue>
</bind>
</comp>

<comp id="20" class="1001" name="const_20">
<pin_list>
<pin id="21" dir="1" index="0" bw="1" slack="2147483647"/>
</pin_list>
<bind>
<StgValue><ssdm name=""/></StgValue>
</bind>
</comp>

<comp id="22" class="1001" name="const_22">
<pin_list>
<pin id="23" dir="1" index="0" bw="1" slack="2147483647"/>
</pin_list>
<bind>
<StgValue><ssdm name="p_str1"/></StgValue>
</bind>
</comp>

<comp id="24" class="1001" name="const_24">
<pin_list>
<pin id="25" dir="1" index="0" bw="1" slack="0"/>
</pin_list>
<bind>
<StgValue><ssdm name=""/></StgValue>
</bind>
</comp>

<comp id="26" class="1001" name="const_26">
<pin_list>
<pin id="27" dir="1" index="0" bw="1" slack="2147483647"/>
</pin_list>
<bind>
<StgValue><ssdm name="p_str2"/></StgValue>
</bind>
</comp>

<comp id="28" class="1001" name="const_28">
<pin_list>
<pin id="29" dir="1" index="0" bw="1" slack="1"/>
</pin_list>
<bind>
<StgValue><ssdm name=""/></StgValue>
</bind>
</comp>

<comp id="30" class="1001" name="const_30">
<pin_list>
<pin id="31" dir="1" index="0" bw="1" slack="0"/>
</pin_list>
<bind>
<StgValue><ssdm name=""/></StgValue>
</bind>
</comp>

<comp id="32" class="1001" name="const_32">
<pin_list>
<pin id="33" dir="1" index="0" bw="1" slack="0"/>
</pin_list>
<bind>
<StgValue><ssdm name=""/></StgValue>
</bind>
</comp>

<comp id="34" class="1001" name="const_34">
<pin_list>
<pin id="35" dir="1" index="0" bw="1" slack="0"/>
</pin_list>
<bind>
<StgValue><ssdm name="_ssdm_op_Read.axis.volatile.i32P.i4P.i4P.i4P.i1P.i5P.i5P"/></StgValue>
</bind>
</comp>

<comp id="36" class="1001" name="const_36">
<pin_list>
<pin id="37" dir="1" index="0" bw="1" slack="2147483647"/>
</pin_list>
<bind>
<StgValue><ssdm name="_ssdm_op_SpecLoopTripCount"/></StgValue>
</bind>
</comp>

<comp id="38" class="1001" name="const_38">
<pin_list>
<pin id="39" dir="1" index="0" bw="1" slack="2147483647"/>
</pin_list>
<bind>
<StgValue><ssdm name=""/></StgValue>
</bind>
</comp>

<comp id="40" class="1001" name="const_40">
<pin_list>
<pin id="41" dir="1" index="0" bw="1" slack="2147483647"/>
</pin_list>
<bind>
<StgValue><ssdm name="_ssdm_op_SpecLoopName"/></StgValue>
</bind>
</comp>

<comp id="42" class="1001" name="const_42">
<pin_list>
<pin id="43" dir="1" index="0" bw="1" slack="2147483647"/>
</pin_list>
<bind>
<StgValue><ssdm name="p_str6"/></StgValue>
</bind>
</comp>

<comp id="44" class="1001" name="const_44">
<pin_list>
<pin id="45" dir="1" index="0" bw="1" slack="2147483647"/>
</pin_list>
<bind>
<StgValue><ssdm name="_ssdm_op_SpecRegionBegin"/></StgValue>
</bind>
</comp>

<comp id="46" class="1001" name="const_46">
<pin_list>
<pin id="47" dir="1" index="0" bw="1" slack="2147483647"/>
</pin_list>
<bind>
<StgValue><ssdm name="_ssdm_op_SpecPipeline"/></StgValue>
</bind>
</comp>

<comp id="48" class="1001" name="const_48">
<pin_list>
<pin id="49" dir="1" index="0" bw="1" slack="2147483647"/>
</pin_list>
<bind>
<StgValue><ssdm name="_ssdm_op_SpecRegionEnd"/></StgValue>
</bind>
</comp>

<comp id="50" class="1004" name="grp_read_fu_50">
<pin_list>
<pin id="51" dir="0" index="0" bw="55" slack="0"/>
<pin id="52" dir="0" index="1" bw="32" slack="0"/>
<pin id="53" dir="0" index="2" bw="4" slack="0"/>
<pin id="54" dir="0" index="3" bw="4" slack="0"/>
<pin id="55" dir="0" index="4" bw="4" slack="0"/>
<pin id="56" dir="0" index="5" bw="1" slack="0"/>
<pin id="57" dir="0" index="6" bw="5" slack="0"/>
<pin id="58" dir="0" index="7" bw="5" slack="0"/>
<pin id="59" dir="1" index="8" bw="55" slack="0"/>
</pin_list>
<bind>
<opcode="read(1150) " fcode="read"/>
<opset="empty_2/2 "/>
</bind>
</comp>

<comp id="68" class="1004" name="buf_V_addr_gep_fu_68">
<pin_list>
<pin id="69" dir="0" index="0" bw="32" slack="0"/>
<pin id="70" dir="0" index="1" bw="1" slack="0"/>
<pin id="71" dir="0" index="2" bw="3" slack="0"/>
<pin id="72" dir="1" index="3" bw="2" slack="0"/>
</pin_list>
<bind>
<opcode="getelementptr(29) " fcode="getelementptr"/>
<opset="buf_V_addr/3 "/>
</bind>
</comp>

<comp id="75" class="1004" name="StgValue_20_access_fu_75">
<pin_list>
<pin id="76" dir="0" index="0" bw="2" slack="0"/>
<pin id="77" dir="0" index="1" bw="32" slack="0"/>
<pin id="78" dir="1" index="2" bw="32" slack="2147483647"/>
</pin_list>
<bind>
<opcode="store(28) " fcode="store"/>
<opset="StgValue_20/3 "/>
</bind>
</comp>

<comp id="80" class="1005" name="i_reg_80">
<pin_list>
<pin id="81" dir="0" index="0" bw="3" slack="1"/>
<pin id="82" dir="1" index="1" bw="3" slack="1"/>
</pin_list>
<bind>
<opset="i (phireg) "/>
</bind>
</comp>

<comp id="84" class="1004" name="i_phi_fu_84">
<pin_list>
<pin id="85" dir="0" index="0" bw="1" slack="1"/>
<pin id="86" dir="0" index="1" bw="0" slack="2147483647"/>
<pin id="87" dir="0" index="2" bw="3" slack="0"/>
<pin id="88" dir="0" index="3" bw="0" slack="2147483647"/>
<pin id="89" dir="1" index="4" bw="3" slack="0"/>
</pin_list>
<bind>
<opcode="phi(47) " fcode="phi"/>
<opset="i/2 "/>
</bind>
</comp>

<comp id="92" class="1004" name="tmp_fu_92">
<pin_list>
<pin id="93" dir="0" index="0" bw="3" slack="0"/>
<pin id="94" dir="0" index="1" bw="3" slack="0"/>
<pin id="95" dir="1" index="2" bw="1" slack="1"/>
</pin_list>
<bind>
<opcode="icmp(45) " fcode="icmp"/>
<opset="tmp/2 "/>
</bind>
</comp>

<comp id="98" class="1004" name="i_1_fu_98">
<pin_list>
<pin id="99" dir="0" index="0" bw="3" slack="0"/>
<pin id="100" dir="0" index="1" bw="1" slack="0"/>
<pin id="101" dir="1" index="2" bw="3" slack="0"/>
</pin_list>
<bind>
<opcode="add(8) " fcode="add"/>
<opset="i_1/2 "/>
</bind>
</comp>

<comp id="104" class="1004" name="tmp_1_fu_104">
<pin_list>
<pin id="105" dir="0" index="0" bw="3" slack="1"/>
<pin id="106" dir="1" index="1" bw="32" slack="0"/>
</pin_list>
<bind>
<opcode="zext(34) " fcode="zext"/>
<opset="tmp_1/3 "/>
</bind>
</comp>

<comp id="109" class="1004" name="p_Val2_s_fu_109">
<pin_list>
<pin id="110" dir="0" index="0" bw="55" slack="0"/>
<pin id="111" dir="1" index="1" bw="32" slack="0"/>
</pin_list>
<bind>
<opcode="extractvalue(56) " fcode="extractvalue"/>
<opset="p_Val2_s/3 "/>
</bind>
</comp>

<comp id="114" class="1005" name="tmp_reg_114">
<pin_list>
<pin id="115" dir="0" index="0" bw="1" slack="1"/>
<pin id="116" dir="1" index="1" bw="1" slack="2147483647"/>
</pin_list>
<bind>
<opset="tmp "/>
</bind>
</comp>

<comp id="118" class="1005" name="i_1_reg_118">
<pin_list>
<pin id="119" dir="0" index="0" bw="3" slack="0"/>
<pin id="120" dir="1" index="1" bw="3" slack="0"/>
</pin_list>
<bind>
<opset="i_1 "/>
</bind>
</comp>

</comp_list>

<net_list>
<net id="60"><net_src comp="34" pin="0"/><net_sink comp="50" pin=0"/></net>

<net id="61"><net_src comp="0" pin="0"/><net_sink comp="50" pin=1"/></net>

<net id="62"><net_src comp="2" pin="0"/><net_sink comp="50" pin=2"/></net>

<net id="63"><net_src comp="4" pin="0"/><net_sink comp="50" pin=3"/></net>

<net id="64"><net_src comp="6" pin="0"/><net_sink comp="50" pin=4"/></net>

<net id="65"><net_src comp="8" pin="0"/><net_sink comp="50" pin=5"/></net>

<net id="66"><net_src comp="10" pin="0"/><net_sink comp="50" pin=6"/></net>

<net id="67"><net_src comp="12" pin="0"/><net_sink comp="50" pin=7"/></net>

<net id="73"><net_src comp="14" pin="0"/><net_sink comp="68" pin=0"/></net>

<net id="74"><net_src comp="24" pin="0"/><net_sink comp="68" pin=1"/></net>

<net id="79"><net_src comp="68" pin="3"/><net_sink comp="75" pin=0"/></net>

<net id="83"><net_src comp="28" pin="0"/><net_sink comp="80" pin=0"/></net>

<net id="90"><net_src comp="80" pin="1"/><net_sink comp="84" pin=0"/></net>

<net id="91"><net_src comp="84" pin="4"/><net_sink comp="80" pin=0"/></net>

<net id="96"><net_src comp="84" pin="4"/><net_sink comp="92" pin=0"/></net>

<net id="97"><net_src comp="30" pin="0"/><net_sink comp="92" pin=1"/></net>

<net id="102"><net_src comp="84" pin="4"/><net_sink comp="98" pin=0"/></net>

<net id="103"><net_src comp="32" pin="0"/><net_sink comp="98" pin=1"/></net>

<net id="107"><net_src comp="80" pin="1"/><net_sink comp="104" pin=0"/></net>

<net id="108"><net_src comp="104" pin="1"/><net_sink comp="68" pin=2"/></net>

<net id="112"><net_src comp="50" pin="8"/><net_sink comp="109" pin=0"/></net>

<net id="113"><net_src comp="109" pin="1"/><net_sink comp="75" pin=1"/></net>

<net id="117"><net_src comp="92" pin="2"/><net_sink comp="114" pin=0"/></net>

<net id="121"><net_src comp="98" pin="2"/><net_sink comp="118" pin=0"/></net>

<net id="122"><net_src comp="118" pin="1"/><net_sink comp="84" pin=2"/></net>

</net_list>

</model> 
---------------- Datapath Model END ------------------

* FSMD analyzer results:
  - Output states:
	Port: buf_V | {3 }
 - Input state : 
	Port: read_data : input_data_V | {2 }
	Port: read_data : input_keep_V | {2 }
	Port: read_data : input_strb_V | {2 }
	Port: read_data : input_user_V | {2 }
	Port: read_data : input_last_V | {2 }
	Port: read_data : input_id_V | {2 }
	Port: read_data : input_dest_V | {2 }
  - Chain level:
	State 1
	State 2
		tmp : 1
		i_1 : 1
		StgValue_10 : 2
	State 3
		buf_V_addr : 1
		StgValue_20 : 1
		empty_3 : 1
	State 4


============================================================
+ Verbose Summary: Datapath Resource usage 
============================================================

* Functional unit list:
|----------|-----------------|---------|---------|
| Operation| Functional Unit |    FF   |   LUT   |
|----------|-----------------|---------|---------|
|    add   |    i_1_fu_98    |    0    |    12   |
|----------|-----------------|---------|---------|
|   icmp   |    tmp_fu_92    |    0    |    1    |
|----------|-----------------|---------|---------|
|   read   |  grp_read_fu_50 |    0    |    0    |
|----------|-----------------|---------|---------|
|   zext   |   tmp_1_fu_104  |    0    |    0    |
|----------|-----------------|---------|---------|
|extractvalue| p_Val2_s_fu_109 |    0    |    0    |
|----------|-----------------|---------|---------|
|   Total  |                 |    0    |    13   |
|----------|-----------------|---------|---------|

Memories:
N/A

* Register list:
+-----------+--------+
|           |   FF   |
+-----------+--------+
|i_1_reg_118|    3   |
|  i_reg_80 |    3   |
|tmp_reg_114|    1   |
+-----------+--------+
|   Total   |    7   |
+-----------+--------+

* Multiplexer (MUX) list: 
|----------|------|------|------|--------||---------||---------|
|   Comp   |  Pin | Size |  BW  | S x BW ||  Delay  ||   LUT   |
|----------|------|------|------|--------||---------||---------|
| i_reg_80 |  p0  |   2  |   3  |    6   ||    9    |
|----------|------|------|------|--------||---------||---------|
|   Total  |      |      |      |    6   ||  1.769  ||    9    |
|----------|------|------|------|--------||---------||---------|



* Summary:
+-----------+--------+--------+--------+
|           |  Delay |   FF   |   LUT  |
+-----------+--------+--------+--------+
|  Function |    -   |    0   |   13   |
|   Memory  |    -   |    -   |    -   |
|Multiplexer|    1   |    -   |    9   |
|  Register |    -   |    7   |    -   |
+-----------+--------+--------+--------+
|   Total   |    1   |    7   |   22   |
+-----------+--------+--------+--------+
