Copyright 1986-2017 Xilinx, Inc. All Rights Reserved.
------------------------------------------------------------------------------------------
| Tool Version : Vivado v.2017.1 (win64) Build 1846317 Fri Apr 14 18:55:03 MDT 2017
| Date         : Tue Jul 14 13:19:01 2020
| Host         : LAPTOP-5NTBTHR8 running 64-bit major release  (build 9200)
| Command      : report_timing -file ./report/goertzel_algorithm_simpler_timing_synth.rpt
| Design       : goertzel_algorithm_simpler
| Device       : 7z020-clg484
| Speed File   : -1  PRODUCTION 1.11 2014-09-11
------------------------------------------------------------------------------------------

Timing Report

Slack (MET) :             4.061ns  (required time - arrival time)
  Source:                 aux_array_V_U/mOutPtr_reg[0]/C
                            (rising edge-triggered cell FDSE clocked by ap_clk  {rise@0.000ns fall@5.000ns period=10.000ns})
  Destination:            Loop_g1_proc_U0/grp_goertzelInterno_simp_fu_79/p_Val2_7_reg_826_reg[97]/D
                            (rising edge-triggered cell FDRE clocked by ap_clk  {rise@0.000ns fall@5.000ns period=10.000ns})
  Path Group:             ap_clk
  Path Type:              Setup (Max at Slow Process Corner)
  Requirement:            10.000ns  (ap_clk rise@10.000ns - ap_clk rise@0.000ns)
  Data Path Delay:        5.838ns  (logic 2.581ns (44.210%)  route 3.257ns (55.790%))
  Logic Levels:           12  (CARRY4=9 LUT2=1 LUT3=1 SRL16E=1)
  Clock Path Skew:        -0.049ns (DCD - SCD + CPR)
    Destination Clock Delay (DCD):    0.924ns = ( 10.924 - 10.000 ) 
    Source Clock Delay      (SCD):    0.973ns
    Clock Pessimism Removal (CPR):    0.000ns
  Clock Uncertainty:      0.035ns  ((TSJ^2 + TIJ^2)^1/2 + DJ) / 2 + PE
    Total System Jitter     (TSJ):    0.071ns
    Total Input Jitter      (TIJ):    0.000ns
    Discrete Jitter          (DJ):    0.000ns
    Phase Error              (PE):    0.000ns

    Location             Delay type                Incr(ns)  Path(ns)    Netlist Resource(s)
  -------------------------------------------------------------------    -------------------
                         (clock ap_clk rise edge)     0.000     0.000 r  
                                                      0.000     0.000 r  ap_clk (IN)
                         net (fo=1075, unset)         0.973     0.973    aux_array_V_U/ap_clk
                         FDSE                                         r  aux_array_V_U/mOutPtr_reg[0]/C
  -------------------------------------------------------------------    -------------------
                         FDSE (Prop_fdse_C_Q)         0.362     1.335 r  aux_array_V_U/mOutPtr_reg[0]/Q
                         net (fo=7, unplaced)         0.505     1.840    aux_array_V_U/U_fifo_w32_d4_A_shiftReg/Q[0]
                         LUT2 (Prop_lut2_I0_O)        0.295     2.135 r  aux_array_V_U/U_fifo_w32_d4_A_shiftReg/SRL_SIG_reg[4][0]_srl5_i_3__1/O
                         net (fo=32, unplaced)        1.182     3.317    aux_array_V_U/U_fifo_w32_d4_A_shiftReg/a[0]
                         SRL16E (Prop_srl16e_A0_Q)    0.124     3.441 r  aux_array_V_U/U_fifo_w32_d4_A_shiftReg/SRL_SIG_reg[4][0]_srl5/Q
                         net (fo=3, unplaced)         0.920     4.361    Loop_g1_proc_U0/grp_goertzelInterno_simp_fu_79/out[0]
                         LUT3 (Prop_lut3_I0_O)        0.124     4.485 r  Loop_g1_proc_U0/grp_goertzelInterno_simp_fu_79/p_Val2_7_fu_282_p2__0_carry__7_i_3/O
                         net (fo=2, unplaced)         0.650     5.135    Loop_g1_proc_U0/grp_goertzelInterno_simp_fu_79/p_Val2_7_fu_282_p2__0_carry__7_i_3_n_3
                         CARRY4 (Prop_carry4_DI[1]_CO[3])
                                                      0.520     5.655 r  Loop_g1_proc_U0/grp_goertzelInterno_simp_fu_79/p_Val2_7_fu_282_p2__0_carry__7/CO[3]
                         net (fo=1, unplaced)         0.000     5.655    Loop_g1_proc_U0/grp_goertzelInterno_simp_fu_79/p_Val2_7_fu_282_p2__0_carry__7_n_3
                         CARRY4 (Prop_carry4_CI_CO[3])
                                                      0.117     5.772 r  Loop_g1_proc_U0/grp_goertzelInterno_simp_fu_79/p_Val2_7_fu_282_p2__0_carry__8/CO[3]
                         net (fo=1, unplaced)         0.000     5.772    Loop_g1_proc_U0/grp_goertzelInterno_simp_fu_79/p_Val2_7_fu_282_p2__0_carry__8_n_3
                         CARRY4 (Prop_carry4_CI_CO[3])
                                                      0.117     5.889 r  Loop_g1_proc_U0/grp_goertzelInterno_simp_fu_79/p_Val2_7_fu_282_p2__0_carry__9/CO[3]
                         net (fo=1, unplaced)         0.000     5.889    Loop_g1_proc_U0/grp_goertzelInterno_simp_fu_79/p_Val2_7_fu_282_p2__0_carry__9_n_3
                         CARRY4 (Prop_carry4_CI_CO[3])
                                                      0.117     6.006 r  Loop_g1_proc_U0/grp_goertzelInterno_simp_fu_79/p_Val2_7_fu_282_p2__0_carry__10/CO[3]
                         net (fo=1, unplaced)         0.000     6.006    Loop_g1_proc_U0/grp_goertzelInterno_simp_fu_79/p_Val2_7_fu_282_p2__0_carry__10_n_3
                         CARRY4 (Prop_carry4_CI_CO[3])
                                                      0.117     6.123 r  Loop_g1_proc_U0/grp_goertzelInterno_simp_fu_79/p_Val2_7_fu_282_p2__0_carry__11/CO[3]
                         net (fo=1, unplaced)         0.000     6.123    Loop_g1_proc_U0/grp_goertzelInterno_simp_fu_79/p_Val2_7_fu_282_p2__0_carry__11_n_3
                         CARRY4 (Prop_carry4_CI_CO[3])
                                                      0.117     6.240 r  Loop_g1_proc_U0/grp_goertzelInterno_simp_fu_79/p_Val2_7_fu_282_p2__0_carry__12/CO[3]
                         net (fo=1, unplaced)         0.000     6.240    Loop_g1_proc_U0/grp_goertzelInterno_simp_fu_79/p_Val2_7_fu_282_p2__0_carry__12_n_3
                         CARRY4 (Prop_carry4_CI_CO[3])
                                                      0.117     6.357 r  Loop_g1_proc_U0/grp_goertzelInterno_simp_fu_79/p_Val2_7_fu_282_p2__0_carry__13/CO[3]
                         net (fo=1, unplaced)         0.000     6.357    Loop_g1_proc_U0/grp_goertzelInterno_simp_fu_79/p_Val2_7_fu_282_p2__0_carry__13_n_3
                         CARRY4 (Prop_carry4_CI_CO[3])
                                                      0.117     6.474 r  Loop_g1_proc_U0/grp_goertzelInterno_simp_fu_79/p_Val2_7_fu_282_p2__0_carry__14/CO[3]
                         net (fo=1, unplaced)         0.000     6.474    Loop_g1_proc_U0/grp_goertzelInterno_simp_fu_79/p_Val2_7_fu_282_p2__0_carry__14_n_3
                         CARRY4 (Prop_carry4_CI_O[1])
                                                      0.337     6.811 r  Loop_g1_proc_U0/grp_goertzelInterno_simp_fu_79/p_Val2_7_fu_282_p2__0_carry__15/O[1]
                         net (fo=1, unplaced)         0.000     6.811    Loop_g1_proc_U0/grp_goertzelInterno_simp_fu_79/p_Val2_7_fu_282_p2[97]
                         FDRE                                         r  Loop_g1_proc_U0/grp_goertzelInterno_simp_fu_79/p_Val2_7_reg_826_reg[97]/D
  -------------------------------------------------------------------    -------------------

                         (clock ap_clk rise edge)    10.000    10.000 r  
                                                      0.000    10.000 r  ap_clk (IN)
                         net (fo=1075, unset)         0.924    10.924    Loop_g1_proc_U0/grp_goertzelInterno_simp_fu_79/ap_clk
                         FDRE                                         r  Loop_g1_proc_U0/grp_goertzelInterno_simp_fu_79/p_Val2_7_reg_826_reg[97]/C
                         clock pessimism              0.000    10.924    
                         clock uncertainty           -0.035    10.889    
                         FDRE (Setup_fdre_C_D)       -0.017    10.872    Loop_g1_proc_U0/grp_goertzelInterno_simp_fu_79/p_Val2_7_reg_826_reg[97]
  -------------------------------------------------------------------
                         required time                         10.872    
                         arrival time                          -6.811    
  -------------------------------------------------------------------
                         slack                                  4.061    




